{"/usr/src/tests/models/sequelize/usuario_test.js":{"path":"/usr/src/tests/models/sequelize/usuario_test.js","statementMap":{"0":{"start":{"line":2,"column":0},"end":{"line":2,"column":45}},"1":{"start":{"line":3,"column":13},"end":{"line":3,"column":35}},"2":{"start":{"line":4,"column":15},"end":{"line":4,"column":40}},"3":{"start":{"line":5,"column":9},"end":{"line":5,"column":28}},"4":{"start":{"line":6,"column":13},"end":{"line":6,"column":49}},"5":{"start":{"line":8,"column":0},"end":{"line":107,"column":2}},"6":{"start":{"line":9,"column":2},"end":{"line":19,"column":4}},"7":{"start":{"line":10,"column":14},"end":{"line":10,"column":22}},"8":{"start":{"line":11,"column":4},"end":{"line":18,"column":8}},"9":{"start":{"line":15,"column":8},"end":{"line":15,"column":61}},"10":{"start":{"line":16,"column":8},"end":{"line":16,"column":73}},"11":{"start":{"line":17,"column":8},"end":{"line":17,"column":14}},"12":{"start":{"line":20,"column":2},"end":{"line":29,"column":4}},"13":{"start":{"line":21,"column":14},"end":{"line":21,"column":22}},"14":{"start":{"line":22,"column":4},"end":{"line":28,"column":8}},"15":{"start":{"line":26,"column":8},"end":{"line":26,"column":51}},"16":{"start":{"line":27,"column":8},"end":{"line":27,"column":14}},"17":{"start":{"line":31,"column":2},"end":{"line":51,"column":4}},"18":{"start":{"line":32,"column":14},"end":{"line":32,"column":23}},"19":{"start":{"line":33,"column":4},"end":{"line":50,"column":8}},"20":{"start":{"line":37,"column":8},"end":{"line":37,"column":61}},"21":{"start":{"line":38,"column":8},"end":{"line":38,"column":73}},"22":{"start":{"line":39,"column":8},"end":{"line":48,"column":12}},"23":{"start":{"line":42,"column":12},"end":{"line":42,"column":43}},"24":{"start":{"line":43,"column":12},"end":{"line":43,"column":18}},"25":{"start":{"line":46,"column":12},"end":{"line":46,"column":46}},"26":{"start":{"line":47,"column":12},"end":{"line":47,"column":18}},"27":{"start":{"line":52,"column":2},"end":{"line":71,"column":4}},"28":{"start":{"line":53,"column":14},"end":{"line":53,"column":23}},"29":{"start":{"line":54,"column":4},"end":{"line":70,"column":8}},"30":{"start":{"line":58,"column":8},"end":{"line":58,"column":61}},"31":{"start":{"line":59,"column":8},"end":{"line":59,"column":73}},"32":{"start":{"line":60,"column":8},"end":{"line":69,"column":12}},"33":{"start":{"line":63,"column":12},"end":{"line":63,"column":46}},"34":{"start":{"line":64,"column":12},"end":{"line":64,"column":18}},"35":{"start":{"line":67,"column":12},"end":{"line":67,"column":43}},"36":{"start":{"line":68,"column":12},"end":{"line":68,"column":18}},"37":{"start":{"line":72,"column":2},"end":{"line":90,"column":4}},"38":{"start":{"line":73,"column":18},"end":{"line":73,"column":51}},"39":{"start":{"line":74,"column":20},"end":{"line":84,"column":5}},"40":{"start":{"line":85,"column":4},"end":{"line":88,"column":6}},"41":{"start":{"line":87,"column":6},"end":{"line":87,"column":72}},"42":{"start":{"line":89,"column":4},"end":{"line":89,"column":10}},"43":{"start":{"line":91,"column":2},"end":{"line":106,"column":4}},"44":{"start":{"line":92,"column":18},"end":{"line":92,"column":51}},"45":{"start":{"line":93,"column":20},"end":{"line":101,"column":5}},"46":{"start":{"line":102,"column":4},"end":{"line":104,"column":6}},"47":{"start":{"line":103,"column":6},"end":{"line":103,"column":70}},"48":{"start":{"line":105,"column":4},"end":{"line":105,"column":10}}},"fnMap":{"0":{"name":"(anonymous_0)","decl":{"start":{"line":8,"column":27},"end":{"line":8,"column":28}},"loc":{"start":{"line":8,"column":39},"end":{"line":107,"column":1}},"line":8},"1":{"name":"(anonymous_1)","decl":{"start":{"line":9,"column":21},"end":{"line":9,"column":22}},"loc":{"start":{"line":9,"column":37},"end":{"line":19,"column":3}},"line":9},"2":{"name":"(anonymous_2)","decl":{"start":{"line":14,"column":12},"end":{"line":14,"column":13}},"loc":{"start":{"line":14,"column":31},"end":{"line":18,"column":7}},"line":14},"3":{"name":"(anonymous_3)","decl":{"start":{"line":20,"column":41},"end":{"line":20,"column":42}},"loc":{"start":{"line":20,"column":57},"end":{"line":29,"column":3}},"line":20},"4":{"name":"(anonymous_4)","decl":{"start":{"line":25,"column":13},"end":{"line":25,"column":14}},"loc":{"start":{"line":25,"column":26},"end":{"line":28,"column":7}},"line":25},"5":{"name":"(anonymous_5)","decl":{"start":{"line":31,"column":47},"end":{"line":31,"column":48}},"loc":{"start":{"line":31,"column":63},"end":{"line":51,"column":3}},"line":31},"6":{"name":"(anonymous_6)","decl":{"start":{"line":36,"column":12},"end":{"line":36,"column":13}},"loc":{"start":{"line":36,"column":31},"end":{"line":50,"column":7}},"line":36},"7":{"name":"(anonymous_7)","decl":{"start":{"line":41,"column":16},"end":{"line":41,"column":17}},"loc":{"start":{"line":41,"column":22},"end":{"line":44,"column":11}},"line":41},"8":{"name":"(anonymous_8)","decl":{"start":{"line":45,"column":17},"end":{"line":45,"column":18}},"loc":{"start":{"line":45,"column":23},"end":{"line":48,"column":11}},"line":45},"9":{"name":"(anonymous_9)","decl":{"start":{"line":52,"column":49},"end":{"line":52,"column":50}},"loc":{"start":{"line":52,"column":65},"end":{"line":71,"column":3}},"line":52},"10":{"name":"(anonymous_10)","decl":{"start":{"line":57,"column":12},"end":{"line":57,"column":13}},"loc":{"start":{"line":57,"column":31},"end":{"line":70,"column":7}},"line":57},"11":{"name":"(anonymous_11)","decl":{"start":{"line":62,"column":16},"end":{"line":62,"column":17}},"loc":{"start":{"line":62,"column":22},"end":{"line":65,"column":11}},"line":62},"12":{"name":"(anonymous_12)","decl":{"start":{"line":66,"column":17},"end":{"line":66,"column":18}},"loc":{"start":{"line":66,"column":23},"end":{"line":69,"column":11}},"line":66},"13":{"name":"(anonymous_13)","decl":{"start":{"line":72,"column":46},"end":{"line":72,"column":47}},"loc":{"start":{"line":72,"column":62},"end":{"line":90,"column":3}},"line":72},"14":{"name":"(anonymous_14)","decl":{"start":{"line":85,"column":22},"end":{"line":85,"column":23}},"loc":{"start":{"line":86,"column":4},"end":{"line":88,"column":5}},"line":86},"15":{"name":"(anonymous_15)","decl":{"start":{"line":91,"column":48},"end":{"line":91,"column":49}},"loc":{"start":{"line":91,"column":64},"end":{"line":106,"column":3}},"line":91},"16":{"name":"(anonymous_16)","decl":{"start":{"line":102,"column":22},"end":{"line":102,"column":23}},"loc":{"start":{"line":102,"column":42},"end":{"line":104,"column":5}},"line":102}},"branchMap":{},"s":{"0":1,"1":1,"2":1,"3":1,"4":1,"5":1,"6":1,"7":1,"8":1,"9":1,"10":1,"11":1,"12":1,"13":1,"14":1,"15":1,"16":1,"17":1,"18":1,"19":1,"20":1,"21":1,"22":1,"23":1,"24":1,"25":0,"26":0,"27":1,"28":1,"29":1,"30":1,"31":1,"32":1,"33":0,"34":0,"35":1,"36":1,"37":1,"38":1,"39":1,"40":1,"41":9,"42":1,"43":1,"44":1,"45":1,"46":1,"47":8,"48":1},"f":{"0":1,"1":1,"2":1,"3":1,"4":1,"5":1,"6":1,"7":1,"8":0,"9":1,"10":1,"11":0,"12":1,"13":1,"14":9,"15":1,"16":8},"b":{},"_coverageSchema":"332fd63041d2c1bcb487cc26dd0d5f7d97098a6c","hash":"d5467592a76d96c0a161a5e5cd42ebf38c3bfa00","contentHash":"1b700552711f8344959af3fd26c356f9_11.3.0"},"/usr/src/models/sequelize/index.js":{"path":"/usr/src/models/sequelize/index.js","statementMap":{"0":{"start":{"line":4,"column":18},"end":{"line":4,"column":31}},"1":{"start":{"line":5,"column":18},"end":{"line":5,"column":33}},"2":{"start":{"line":6,"column":18},"end":{"line":6,"column":38}},"3":{"start":{"line":7,"column":18},"end":{"line":7,"column":48}},"4":{"start":{"line":8,"column":18},"end":{"line":8,"column":20}},"5":{"start":{"line":10,"column":18},"end":{"line":12,"column":1}},"6":{"start":{"line":17,"column":0},"end":{"line":25,"column":1}},"7":{"start":{"line":18,"column":2},"end":{"line":18,"column":64}},"8":{"start":{"line":20,"column":2},"end":{"line":24,"column":3}},"9":{"start":{"line":21,"column":4},"end":{"line":21,"column":69}},"10":{"start":{"line":23,"column":4},"end":{"line":23,"column":64}},"11":{"start":{"line":30,"column":0},"end":{"line":39,"column":4}},"12":{"start":{"line":33,"column":4},"end":{"line":33,"column":59}},"13":{"start":{"line":36,"column":4},"end":{"line":36,"column":40}},"14":{"start":{"line":36,"column":34},"end":{"line":36,"column":40}},"15":{"start":{"line":37,"column":16},"end":{"line":37,"column":63}},"16":{"start":{"line":38,"column":4},"end":{"line":38,"column":26}},"17":{"start":{"line":41,"column":0},"end":{"line":45,"column":2}},"18":{"start":{"line":42,"column":2},"end":{"line":44,"column":3}},"19":{"start":{"line":43,"column":4},"end":{"line":43,"column":31}},"20":{"start":{"line":48,"column":0},"end":{"line":48,"column":24}},"21":{"start":{"line":49,"column":0},"end":{"line":49,"column":24}},"22":{"start":{"line":51,"column":0},"end":{"line":51,"column":19}}},"fnMap":{"0":{"name":"(anonymous_0)","decl":{"start":{"line":32,"column":10},"end":{"line":32,"column":11}},"loc":{"start":{"line":32,"column":25},"end":{"line":34,"column":3}},"line":32},"1":{"name":"(anonymous_1)","decl":{"start":{"line":35,"column":11},"end":{"line":35,"column":12}},"loc":{"start":{"line":35,"column":26},"end":{"line":39,"column":3}},"line":35},"2":{"name":"(anonymous_2)","decl":{"start":{"line":41,"column":24},"end":{"line":41,"column":25}},"loc":{"start":{"line":41,"column":44},"end":{"line":45,"column":1}},"line":41}},"branchMap":{"0":{"loc":{"start":{"line":17,"column":0},"end":{"line":25,"column":1}},"type":"if","locations":[{"start":{"line":17,"column":0},"end":{"line":25,"column":1}},{"start":{"line":17,"column":0},"end":{"line":25,"column":1}}],"line":17},"1":{"loc":{"start":{"line":20,"column":2},"end":{"line":24,"column":3}},"type":"if","locations":[{"start":{"line":20,"column":2},"end":{"line":24,"column":3}},{"start":{"line":20,"column":2},"end":{"line":24,"column":3}}],"line":20},"2":{"loc":{"start":{"line":33,"column":11},"end":{"line":33,"column":59}},"type":"binary-expr","locations":[{"start":{"line":33,"column":12},"end":{"line":33,"column":35}},{"start":{"line":33,"column":41},"end":{"line":33,"column":58}}],"line":33},"3":{"loc":{"start":{"line":36,"column":4},"end":{"line":36,"column":40}},"type":"if","locations":[{"start":{"line":36,"column":4},"end":{"line":36,"column":40}},{"start":{"line":36,"column":4},"end":{"line":36,"column":40}}],"line":36},"4":{"loc":{"start":{"line":42,"column":2},"end":{"line":44,"column":3}},"type":"if","locations":[{"start":{"line":42,"column":2},"end":{"line":44,"column":3}},{"start":{"line":42,"column":2},"end":{"line":44,"column":3}}],"line":42}},"s":{"0":1,"1":1,"2":1,"3":1,"4":1,"5":1,"6":1,"7":0,"8":1,"9":0,"10":1,"11":1,"12":10,"13":9,"14":0,"15":9,"16":9,"17":1,"18":9,"19":6,"20":1,"21":1,"22":1},"f":{"0":10,"1":9,"2":9},"b":{"0":[0,1],"1":[0,1],"2":[10,10],"3":[0,9],"4":[6,3]},"_coverageSchema":"332fd63041d2c1bcb487cc26dd0d5f7d97098a6c","hash":"4db92a64d78f6c62a2792b2f4db1b8cb50590b90","contentHash":"86533888a41f2f85e7a0442b900ff176_11.3.0"},"/usr/src/models/sequelize/application_user.js":{"path":"/usr/src/models/sequelize/application_user.js","statementMap":{"0":{"start":{"line":2,"column":16},"end":{"line":2,"column":36}},"1":{"start":{"line":4,"column":0},"end":{"line":21,"column":1}},"2":{"start":{"line":6,"column":26},"end":{"line":14,"column":4}},"3":{"start":{"line":20,"column":2},"end":{"line":20,"column":24}}},"fnMap":{"0":{"name":"(anonymous_0)","decl":{"start":{"line":4,"column":17},"end":{"line":4,"column":18}},"loc":{"start":{"line":4,"column":38},"end":{"line":21,"column":1}},"line":4}},"branchMap":{},"s":{"0":1,"1":1,"2":1,"3":1},"f":{"0":1},"b":{},"_coverageSchema":"332fd63041d2c1bcb487cc26dd0d5f7d97098a6c","hash":"59e622356499978e31a48a67522a05497cd260ff","contentHash":"06fafe5dfab5ef1f8cc1be6a54f909b4_11.3.0"},"/usr/src/models/sequelize/application_user_credentials.js":{"path":"/usr/src/models/sequelize/application_user_credentials.js","statementMap":{"0":{"start":{"line":2,"column":16},"end":{"line":2,"column":36}},"1":{"start":{"line":4,"column":0},"end":{"line":21,"column":1}},"2":{"start":{"line":6,"column":37},"end":{"line":14,"column":4}},"3":{"start":{"line":16,"column":2},"end":{"line":18,"column":3}},"4":{"start":{"line":17,"column":4},"end":{"line":17,"column":64}},"5":{"start":{"line":20,"column":2},"end":{"line":20,"column":35}}},"fnMap":{"0":{"name":"(anonymous_0)","decl":{"start":{"line":4,"column":17},"end":{"line":4,"column":18}},"loc":{"start":{"line":4,"column":38},"end":{"line":21,"column":1}},"line":4},"1":{"name":"(anonymous_1)","decl":{"start":{"line":16,"column":41},"end":{"line":16,"column":42}},"loc":{"start":{"line":16,"column":59},"end":{"line":18,"column":3}},"line":16}},"branchMap":{},"s":{"0":1,"1":1,"2":1,"3":1,"4":1,"5":1},"f":{"0":1,"1":1},"b":{},"_coverageSchema":"332fd63041d2c1bcb487cc26dd0d5f7d97098a6c","hash":"20f50a34135b4a8ad228c606caa231360e1d33ac","contentHash":"6453d352b48c755bbbbc78b19b97d05a_11.3.0"},"/usr/src/models/sequelize/file.js":{"path":"/usr/src/models/sequelize/file.js","statementMap":{"0":{"start":{"line":2,"column":16},"end":{"line":2,"column":36}},"1":{"start":{"line":4,"column":0},"end":{"line":43,"column":1}},"2":{"start":{"line":6,"column":30},"end":{"line":32,"column":4}},"3":{"start":{"line":34,"column":2},"end":{"line":36,"column":3}},"4":{"start":{"line":35,"column":4},"end":{"line":35,"column":32}},"5":{"start":{"line":38,"column":2},"end":{"line":40,"column":3}},"6":{"start":{"line":39,"column":4},"end":{"line":39,"column":57}},"7":{"start":{"line":42,"column":2},"end":{"line":42,"column":28}}},"fnMap":{"0":{"name":"(anonymous_0)","decl":{"start":{"line":4,"column":17},"end":{"line":4,"column":18}},"loc":{"start":{"line":4,"column":38},"end":{"line":43,"column":1}},"line":4},"1":{"name":"(anonymous_1)","decl":{"start":{"line":34,"column":42},"end":{"line":34,"column":43}},"loc":{"start":{"line":34,"column":52},"end":{"line":36,"column":3}},"line":34},"2":{"name":"(anonymous_2)","decl":{"start":{"line":38,"column":34},"end":{"line":38,"column":35}},"loc":{"start":{"line":38,"column":52},"end":{"line":40,"column":3}},"line":38}},"branchMap":{},"s":{"0":1,"1":1,"2":1,"3":1,"4":1,"5":1,"6":1,"7":1},"f":{"0":1,"1":1,"2":1},"b":{},"_coverageSchema":"332fd63041d2c1bcb487cc26dd0d5f7d97098a6c","hash":"ca75f12865f89c1798a1780a112d1d8afe66f70e","contentHash":"aff153ad232c6589dd6b22043689630c_11.3.0"},"/usr/src/models/sequelize/permiso.js":{"path":"/usr/src/models/sequelize/permiso.js","statementMap":{"0":{"start":{"line":2,"column":16},"end":{"line":2,"column":36}},"1":{"start":{"line":4,"column":0},"end":{"line":34,"column":1}},"2":{"start":{"line":6,"column":18},"end":{"line":14,"column":4}},"3":{"start":{"line":16,"column":2},"end":{"line":18,"column":3}},"4":{"start":{"line":17,"column":4},"end":{"line":17,"column":32}},"5":{"start":{"line":19,"column":2},"end":{"line":21,"column":3}},"6":{"start":{"line":20,"column":4},"end":{"line":20,"column":35}},"7":{"start":{"line":23,"column":2},"end":{"line":32,"column":3}},"8":{"start":{"line":24,"column":4},"end":{"line":30,"column":6}},"9":{"start":{"line":33,"column":2},"end":{"line":33,"column":16}}},"fnMap":{"0":{"name":"(anonymous_0)","decl":{"start":{"line":4,"column":17},"end":{"line":4,"column":18}},"loc":{"start":{"line":4,"column":38},"end":{"line":34,"column":1}},"line":4},"1":{"name":"(anonymous_1)","decl":{"start":{"line":16,"column":30},"end":{"line":16,"column":31}},"loc":{"start":{"line":16,"column":42},"end":{"line":18,"column":3}},"line":16},"2":{"name":"(anonymous_2)","decl":{"start":{"line":19,"column":30},"end":{"line":19,"column":31}},"loc":{"start":{"line":19,"column":42},"end":{"line":21,"column":3}},"line":19},"3":{"name":"(anonymous_3)","decl":{"start":{"line":23,"column":22},"end":{"line":23,"column":23}},"loc":{"start":{"line":23,"column":40},"end":{"line":32,"column":3}},"line":23}},"branchMap":{},"s":{"0":1,"1":1,"2":1,"3":1,"4":3,"5":1,"6":1,"7":1,"8":1,"9":1},"f":{"0":1,"1":3,"2":1,"3":1},"b":{},"_coverageSchema":"332fd63041d2c1bcb487cc26dd0d5f7d97098a6c","hash":"c7202109b7b000c903e5646467891f4d850e3ea8","contentHash":"2d94f5876cdd5710bd0986db2c9b2028_11.3.0"},"/usr/src/models/sequelize/rol.js":{"path":"/usr/src/models/sequelize/rol.js","statementMap":{"0":{"start":{"line":2,"column":16},"end":{"line":2,"column":36}},"1":{"start":{"line":4,"column":0},"end":{"line":78,"column":1}},"2":{"start":{"line":6,"column":14},"end":{"line":43,"column":4}},"3":{"start":{"line":12,"column":21},"end":{"line":12,"column":25}},"4":{"start":{"line":13,"column":10},"end":{"line":28,"column":14}},"5":{"start":{"line":21,"column":14},"end":{"line":23,"column":15}},"6":{"start":{"line":22,"column":16},"end":{"line":22,"column":54}},"7":{"start":{"line":24,"column":14},"end":{"line":24,"column":27}},"8":{"start":{"line":27,"column":14},"end":{"line":27,"column":30}},"9":{"start":{"line":45,"column":2},"end":{"line":47,"column":3}},"10":{"start":{"line":46,"column":4},"end":{"line":46,"column":28}},"11":{"start":{"line":51,"column":2},"end":{"line":76,"column":3}},"12":{"start":{"line":52,"column":4},"end":{"line":62,"column":6}},"13":{"start":{"line":64,"column":4},"end":{"line":74,"column":6}},"14":{"start":{"line":77,"column":2},"end":{"line":77,"column":12}}},"fnMap":{"0":{"name":"(anonymous_0)","decl":{"start":{"line":4,"column":17},"end":{"line":4,"column":18}},"loc":{"start":{"line":4,"column":38},"end":{"line":78,"column":1}},"line":4},"1":{"name":"(anonymous_1)","decl":{"start":{"line":11,"column":18},"end":{"line":11,"column":19}},"loc":{"start":{"line":11,"column":41},"end":{"line":29,"column":9}},"line":11},"2":{"name":"(anonymous_2)","decl":{"start":{"line":19,"column":18},"end":{"line":19,"column":19}},"loc":{"start":{"line":19,"column":33},"end":{"line":25,"column":13}},"line":19},"3":{"name":"(anonymous_3)","decl":{"start":{"line":26,"column":19},"end":{"line":26,"column":20}},"loc":{"start":{"line":26,"column":34},"end":{"line":28,"column":13}},"line":26},"4":{"name":"(anonymous_4)","decl":{"start":{"line":45,"column":26},"end":{"line":45,"column":27}},"loc":{"start":{"line":45,"column":38},"end":{"line":47,"column":3}},"line":45},"5":{"name":"(anonymous_5)","decl":{"start":{"line":51,"column":18},"end":{"line":51,"column":19}},"loc":{"start":{"line":51,"column":36},"end":{"line":76,"column":3}},"line":51}},"branchMap":{"0":{"loc":{"start":{"line":21,"column":14},"end":{"line":23,"column":15}},"type":"if","locations":[{"start":{"line":21,"column":14},"end":{"line":23,"column":15}},{"start":{"line":21,"column":14},"end":{"line":23,"column":15}}],"line":21},"1":{"loc":{"start":{"line":21,"column":18},"end":{"line":21,"column":43}},"type":"binary-expr","locations":[{"start":{"line":21,"column":18},"end":{"line":21,"column":21}},{"start":{"line":21,"column":25},"end":{"line":21,"column":43}}],"line":21}},"s":{"0":1,"1":1,"2":1,"3":6,"4":6,"5":6,"6":2,"7":4,"8":0,"9":1,"10":6,"11":1,"12":1,"13":1,"14":1},"f":{"0":1,"1":6,"2":6,"3":0,"4":6,"5":1},"b":{"0":[2,4],"1":[6,2]},"_coverageSchema":"332fd63041d2c1bcb487cc26dd0d5f7d97098a6c","hash":"ab5fd9ef6ab9f9fe6b286a75a7ad7d4adec60a13","contentHash":"8216c1dd8b7e0c135de1363872037a0e_11.3.0"},"/usr/src/models/sequelize/rol_permiso.js":{"path":"/usr/src/models/sequelize/rol_permiso.js","statementMap":{"0":{"start":{"line":2,"column":16},"end":{"line":2,"column":36}},"1":{"start":{"line":4,"column":0},"end":{"line":18,"column":1}},"2":{"start":{"line":6,"column":21},"end":{"line":15,"column":4}},"3":{"start":{"line":17,"column":2},"end":{"line":17,"column":19}}},"fnMap":{"0":{"name":"(anonymous_0)","decl":{"start":{"line":4,"column":17},"end":{"line":4,"column":18}},"loc":{"start":{"line":4,"column":38},"end":{"line":18,"column":1}},"line":4}},"branchMap":{},"s":{"0":1,"1":1,"2":1,"3":1},"f":{"0":1},"b":{},"_coverageSchema":"332fd63041d2c1bcb487cc26dd0d5f7d97098a6c","hash":"58c7012d60e37acfce04ff12d8cfa6923007f81b","contentHash":"c307e5f94b1a4fd99ce9b2c509c69734_11.3.0"},"/usr/src/models/sequelize/server.js":{"path":"/usr/src/models/sequelize/server.js","statementMap":{"0":{"start":{"line":2,"column":16},"end":{"line":2,"column":36}},"1":{"start":{"line":4,"column":0},"end":{"line":35,"column":1}},"2":{"start":{"line":6,"column":17},"end":{"line":24,"column":4}},"3":{"start":{"line":26,"column":2},"end":{"line":28,"column":3}},"4":{"start":{"line":27,"column":4},"end":{"line":27,"column":33}},"5":{"start":{"line":30,"column":2},"end":{"line":32,"column":3}},"6":{"start":{"line":31,"column":4},"end":{"line":31,"column":36}},"7":{"start":{"line":34,"column":2},"end":{"line":34,"column":15}}},"fnMap":{"0":{"name":"(anonymous_0)","decl":{"start":{"line":4,"column":17},"end":{"line":4,"column":18}},"loc":{"start":{"line":4,"column":38},"end":{"line":35,"column":1}},"line":4},"1":{"name":"(anonymous_1)","decl":{"start":{"line":26,"column":29},"end":{"line":26,"column":30}},"loc":{"start":{"line":26,"column":39},"end":{"line":28,"column":3}},"line":26},"2":{"name":"(anonymous_2)","decl":{"start":{"line":30,"column":21},"end":{"line":30,"column":22}},"loc":{"start":{"line":30,"column":39},"end":{"line":32,"column":3}},"line":30}},"branchMap":{},"s":{"0":1,"1":1,"2":1,"3":1,"4":0,"5":1,"6":1,"7":1},"f":{"0":1,"1":0,"2":1},"b":{},"_coverageSchema":"332fd63041d2c1bcb487cc26dd0d5f7d97098a6c","hash":"c84acab12242491ff2ed5dfc6107a2817019a000","contentHash":"a6557dc2f28fba0ebff4f84b8a9c1237_11.3.0"},"/usr/src/models/sequelize/usuario.js":{"path":"/usr/src/models/sequelize/usuario.js","statementMap":{"0":{"start":{"line":2,"column":13},"end":{"line":2,"column":30}},"1":{"start":{"line":3,"column":16},"end":{"line":3,"column":36}},"2":{"start":{"line":5,"column":0},"end":{"line":137,"column":1}},"3":{"start":{"line":6,"column":16},"end":{"line":56,"column":4}},"4":{"start":{"line":18,"column":21},"end":{"line":18,"column":25}},"5":{"start":{"line":19,"column":10},"end":{"line":33,"column":14}},"6":{"start":{"line":26,"column":14},"end":{"line":28,"column":15}},"7":{"start":{"line":27,"column":16},"end":{"line":27,"column":63}},"8":{"start":{"line":29,"column":14},"end":{"line":29,"column":27}},"9":{"start":{"line":32,"column":14},"end":{"line":32,"column":30}},"10":{"start":{"line":59,"column":2},"end":{"line":74,"column":3}},"11":{"start":{"line":60,"column":4},"end":{"line":73,"column":6}},"12":{"start":{"line":76,"column":2},"end":{"line":78,"column":3}},"13":{"start":{"line":77,"column":4},"end":{"line":77,"column":36}},"14":{"start":{"line":79,"column":2},"end":{"line":81,"column":3}},"15":{"start":{"line":80,"column":4},"end":{"line":80,"column":38}},"16":{"start":{"line":82,"column":2},"end":{"line":84,"column":3}},"17":{"start":{"line":83,"column":4},"end":{"line":83,"column":32}},"18":{"start":{"line":85,"column":2},"end":{"line":87,"column":3}},"19":{"start":{"line":86,"column":4},"end":{"line":86,"column":45}},"20":{"start":{"line":89,"column":2},"end":{"line":91,"column":3}},"21":{"start":{"line":90,"column":4},"end":{"line":90,"column":45}},"22":{"start":{"line":93,"column":2},"end":{"line":95,"column":3}},"23":{"start":{"line":94,"column":4},"end":{"line":94,"column":72}},"24":{"start":{"line":97,"column":2},"end":{"line":103,"column":4}},"25":{"start":{"line":98,"column":4},"end":{"line":102,"column":8}},"26":{"start":{"line":101,"column":8},"end":{"line":101,"column":32}},"27":{"start":{"line":105,"column":2},"end":{"line":111,"column":4}},"28":{"start":{"line":106,"column":4},"end":{"line":110,"column":8}},"29":{"start":{"line":109,"column":8},"end":{"line":109,"column":32}},"30":{"start":{"line":113,"column":2},"end":{"line":124,"column":3}},"31":{"start":{"line":114,"column":27},"end":{"line":114,"column":40}},"32":{"start":{"line":115,"column":4},"end":{"line":123,"column":6}},"33":{"start":{"line":116,"column":6},"end":{"line":122,"column":8}},"34":{"start":{"line":117,"column":8},"end":{"line":118,"column":28}},"35":{"start":{"line":118,"column":10},"end":{"line":118,"column":28}},"36":{"start":{"line":119,"column":8},"end":{"line":120,"column":66}},"37":{"start":{"line":120,"column":10},"end":{"line":120,"column":66}},"38":{"start":{"line":121,"column":8},"end":{"line":121,"column":17}},"39":{"start":{"line":126,"column":2},"end":{"line":134,"column":3}},"40":{"start":{"line":127,"column":19},"end":{"line":127,"column":21}},"41":{"start":{"line":128,"column":4},"end":{"line":132,"column":5}},"42":{"start":{"line":129,"column":6},"end":{"line":131,"column":7}},"43":{"start":{"line":130,"column":8},"end":{"line":130,"column":37}},"44":{"start":{"line":133,"column":4},"end":{"line":133,"column":19}},"45":{"start":{"line":136,"column":2},"end":{"line":136,"column":16}}},"fnMap":{"0":{"name":"(anonymous_0)","decl":{"start":{"line":5,"column":17},"end":{"line":5,"column":18}},"loc":{"start":{"line":5,"column":38},"end":{"line":137,"column":1}},"line":5},"1":{"name":"(anonymous_1)","decl":{"start":{"line":17,"column":18},"end":{"line":17,"column":19}},"loc":{"start":{"line":17,"column":41},"end":{"line":34,"column":9}},"line":17},"2":{"name":"(anonymous_2)","decl":{"start":{"line":25,"column":18},"end":{"line":25,"column":19}},"loc":{"start":{"line":25,"column":37},"end":{"line":30,"column":13}},"line":25},"3":{"name":"(anonymous_3)","decl":{"start":{"line":31,"column":19},"end":{"line":31,"column":20}},"loc":{"start":{"line":31,"column":34},"end":{"line":33,"column":13}},"line":31},"4":{"name":"(anonymous_4)","decl":{"start":{"line":59,"column":22},"end":{"line":59,"column":23}},"loc":{"start":{"line":59,"column":40},"end":{"line":74,"column":3}},"line":59},"5":{"name":"(anonymous_5)","decl":{"start":{"line":76,"column":32},"end":{"line":76,"column":33}},"loc":{"start":{"line":76,"column":44},"end":{"line":78,"column":3}},"line":76},"6":{"name":"(anonymous_6)","decl":{"start":{"line":79,"column":30},"end":{"line":79,"column":31}},"loc":{"start":{"line":79,"column":42},"end":{"line":81,"column":3}},"line":79},"7":{"name":"(anonymous_7)","decl":{"start":{"line":82,"column":30},"end":{"line":82,"column":31}},"loc":{"start":{"line":82,"column":42},"end":{"line":84,"column":3}},"line":82},"8":{"name":"(anonymous_8)","decl":{"start":{"line":85,"column":44},"end":{"line":85,"column":45}},"loc":{"start":{"line":85,"column":56},"end":{"line":87,"column":3}},"line":85},"9":{"name":"(anonymous_9)","decl":{"start":{"line":89,"column":44},"end":{"line":89,"column":45}},"loc":{"start":{"line":89,"column":56},"end":{"line":91,"column":3}},"line":89},"10":{"name":"(anonymous_10)","decl":{"start":{"line":93,"column":29},"end":{"line":93,"column":30}},"loc":{"start":{"line":93,"column":41},"end":{"line":95,"column":3}},"line":93},"11":{"name":"(anonymous_11)","decl":{"start":{"line":97,"column":23},"end":{"line":97,"column":24}},"loc":{"start":{"line":97,"column":33},"end":{"line":103,"column":3}},"line":97},"12":{"name":"(anonymous_12)","decl":{"start":{"line":100,"column":12},"end":{"line":100,"column":13}},"loc":{"start":{"line":100,"column":24},"end":{"line":102,"column":7}},"line":100},"13":{"name":"(anonymous_13)","decl":{"start":{"line":105,"column":23},"end":{"line":105,"column":24}},"loc":{"start":{"line":105,"column":33},"end":{"line":111,"column":3}},"line":105},"14":{"name":"(anonymous_14)","decl":{"start":{"line":108,"column":12},"end":{"line":108,"column":13}},"loc":{"start":{"line":108,"column":24},"end":{"line":110,"column":7}},"line":108},"15":{"name":"(anonymous_15)","decl":{"start":{"line":113,"column":40},"end":{"line":113,"column":41}},"loc":{"start":{"line":113,"column":60},"end":{"line":124,"column":3}},"line":113},"16":{"name":"(anonymous_16)","decl":{"start":{"line":115,"column":23},"end":{"line":115,"column":24}},"loc":{"start":{"line":115,"column":44},"end":{"line":123,"column":5}},"line":115},"17":{"name":"(anonymous_17)","decl":{"start":{"line":116,"column":49},"end":{"line":116,"column":50}},"loc":{"start":{"line":116,"column":67},"end":{"line":122,"column":7}},"line":116},"18":{"name":"(anonymous_18)","decl":{"start":{"line":126,"column":38},"end":{"line":126,"column":39}},"loc":{"start":{"line":126,"column":50},"end":{"line":134,"column":3}},"line":126}},"branchMap":{"0":{"loc":{"start":{"line":26,"column":14},"end":{"line":28,"column":15}},"type":"if","locations":[{"start":{"line":26,"column":14},"end":{"line":28,"column":15}},{"start":{"line":26,"column":14},"end":{"line":28,"column":15}}],"line":26},"1":{"loc":{"start":{"line":26,"column":18},"end":{"line":26,"column":51}},"type":"binary-expr","locations":[{"start":{"line":26,"column":18},"end":{"line":26,"column":25}},{"start":{"line":26,"column":29},"end":{"line":26,"column":51}}],"line":26},"2":{"loc":{"start":{"line":117,"column":8},"end":{"line":118,"column":28}},"type":"if","locations":[{"start":{"line":117,"column":8},"end":{"line":118,"column":28}},{"start":{"line":117,"column":8},"end":{"line":118,"column":28}}],"line":117},"3":{"loc":{"start":{"line":119,"column":8},"end":{"line":120,"column":66}},"type":"if","locations":[{"start":{"line":119,"column":8},"end":{"line":120,"column":66}},{"start":{"line":119,"column":8},"end":{"line":120,"column":66}}],"line":119}},"s":{"0":1,"1":1,"2":1,"3":1,"4":8,"5":8,"6":8,"7":2,"8":6,"9":0,"10":1,"11":1,"12":1,"13":1,"14":1,"15":1,"16":1,"17":4,"18":1,"19":1,"20":1,"21":1,"22":1,"23":6,"24":1,"25":6,"26":6,"27":1,"28":3,"29":3,"30":1,"31":2,"32":2,"33":2,"34":2,"35":0,"36":2,"37":1,"38":1,"39":1,"40":0,"41":0,"42":0,"43":0,"44":0,"45":1},"f":{"0":1,"1":8,"2":8,"3":0,"4":1,"5":1,"6":1,"7":4,"8":1,"9":1,"10":6,"11":6,"12":6,"13":3,"14":3,"15":2,"16":2,"17":2,"18":0},"b":{"0":[2,6],"1":[8,2],"2":[0,2],"3":[1,1]},"_coverageSchema":"332fd63041d2c1bcb487cc26dd0d5f7d97098a6c","hash":"92da4dc0428c2c1b36c5ed491c087b20a074a7ff","contentHash":"dcb17983782048725e01354b40adf153_11.3.0"},"/usr/src/models/sequelize/usuario_rol.js":{"path":"/usr/src/models/sequelize/usuario_rol.js","statementMap":{"0":{"start":{"line":2,"column":16},"end":{"line":2,"column":36}},"1":{"start":{"line":4,"column":0},"end":{"line":18,"column":1}},"2":{"start":{"line":6,"column":21},"end":{"line":15,"column":4}},"3":{"start":{"line":17,"column":2},"end":{"line":17,"column":19}}},"fnMap":{"0":{"name":"(anonymous_0)","decl":{"start":{"line":4,"column":17},"end":{"line":4,"column":18}},"loc":{"start":{"line":4,"column":38},"end":{"line":18,"column":1}},"line":4}},"branchMap":{},"s":{"0":1,"1":1,"2":1,"3":1},"f":{"0":1},"b":{},"_coverageSchema":"332fd63041d2c1bcb487cc26dd0d5f7d97098a6c","hash":"88c3f42ea7960a2fabf0df73c5b713bed1a4f88b","contentHash":"d7bbb88ec1563f3e149c8042555e9192_11.3.0"},"/usr/src/tests/routes/v0/api/api_test.js":{"path":"/usr/src/tests/routes/v0/api/api_test.js","statementMap":{"0":{"start":{"line":1,"column":0},"end":{"line":1,"column":45}},"1":{"start":{"line":2,"column":15},"end":{"line":2,"column":40}},"2":{"start":{"line":3,"column":9},"end":{"line":3,"column":28}},"3":{"start":{"line":4,"column":13},"end":{"line":4,"column":36}},"4":{"start":{"line":5,"column":15},"end":{"line":5,"column":37}},"5":{"start":{"line":6,"column":10},"end":{"line":6,"column":36}},"6":{"start":{"line":7,"column":16},"end":{"line":7,"column":36}},"7":{"start":{"line":8,"column":17},"end":{"line":8,"column":39}},"8":{"start":{"line":9,"column":13},"end":{"line":9,"column":40}},"9":{"start":{"line":10,"column":0},"end":{"line":10,"column":26}},"10":{"start":{"line":11,"column":0},"end":{"line":11,"column":51}},"11":{"start":{"line":13,"column":12},"end":{"line":13,"column":14}}},"fnMap":{},"branchMap":{},"s":{"0":1,"1":1,"2":1,"3":1,"4":1,"5":1,"6":1,"7":1,"8":1,"9":1,"10":1,"11":1},"f":{},"b":{},"_coverageSchema":"332fd63041d2c1bcb487cc26dd0d5f7d97098a6c","hash":"e0d1354afe4f44bffb3683fcfa96245777c6f362","contentHash":"5159ce2bdbab5433832289bd38fb6a94_11.3.0"},"/usr/src/app.js":{"path":"/usr/src/app.js","statementMap":{"0":{"start":{"line":1,"column":14},"end":{"line":1,"column":32}},"1":{"start":{"line":2,"column":13},"end":{"line":2,"column":30}},"2":{"start":{"line":3,"column":17},"end":{"line":3,"column":39}},"3":{"start":{"line":4,"column":18},"end":{"line":4,"column":47}},"4":{"start":{"line":5,"column":16},"end":{"line":5,"column":43}},"5":{"start":{"line":7,"column":10},"end":{"line":7,"column":19}},"6":{"start":{"line":9,"column":0},"end":{"line":15,"column":2}},"7":{"start":{"line":10,"column":2},"end":{"line":10,"column":48}},"8":{"start":{"line":11,"column":2},"end":{"line":11,"column":77}},"9":{"start":{"line":12,"column":2},"end":{"line":12,"column":109}},"10":{"start":{"line":13,"column":2},"end":{"line":13,"column":77}},"11":{"start":{"line":14,"column":2},"end":{"line":14,"column":8}},"12":{"start":{"line":17,"column":0},"end":{"line":26,"column":1}},"13":{"start":{"line":18,"column":13},"end":{"line":18,"column":26}},"14":{"start":{"line":19,"column":15},"end":{"line":19,"column":30}},"15":{"start":{"line":21,"column":24},"end":{"line":21,"column":94}},"16":{"start":{"line":23,"column":2},"end":{"line":23,"column":56}},"17":{"start":{"line":25,"column":2},"end":{"line":25,"column":24}},"18":{"start":{"line":28,"column":0},"end":{"line":28,"column":26}},"19":{"start":{"line":29,"column":0},"end":{"line":29,"column":49}},"20":{"start":{"line":31,"column":0},"end":{"line":31,"column":27}},"21":{"start":{"line":34,"column":0},"end":{"line":46,"column":2}},"22":{"start":{"line":36,"column":2},"end":{"line":36,"column":34}},"23":{"start":{"line":37,"column":2},"end":{"line":41,"column":8}},"24":{"start":{"line":43,"column":2},"end":{"line":45,"column":72}},"25":{"start":{"line":48,"column":0},"end":{"line":48,"column":20}}},"fnMap":{"0":{"name":"(anonymous_0)","decl":{"start":{"line":9,"column":8},"end":{"line":9,"column":9}},"loc":{"start":{"line":9,"column":34},"end":{"line":15,"column":1}},"line":9},"1":{"name":"(anonymous_1)","decl":{"start":{"line":34,"column":8},"end":{"line":34,"column":9}},"loc":{"start":{"line":34,"column":39},"end":{"line":46,"column":1}},"line":34}},"branchMap":{"0":{"loc":{"start":{"line":17,"column":0},"end":{"line":26,"column":1}},"type":"if","locations":[{"start":{"line":17,"column":0},"end":{"line":26,"column":1}},{"start":{"line":17,"column":0},"end":{"line":26,"column":1}}],"line":17},"1":{"loc":{"start":{"line":37,"column":21},"end":{"line":41,"column":8}},"type":"cond-expr","locations":[{"start":{"line":40,"column":6},"end":{"line":40,"column":9}},{"start":{"line":41,"column":6},"end":{"line":41,"column":8}}],"line":37},"2":{"loc":{"start":{"line":44,"column":12},"end":{"line":44,"column":29}},"type":"binary-expr","locations":[{"start":{"line":44,"column":12},"end":{"line":44,"column":22}},{"start":{"line":44,"column":26},"end":{"line":44,"column":29}}],"line":44},"3":{"loc":{"start":{"line":45,"column":35},"end":{"line":45,"column":52}},"type":"binary-expr","locations":[{"start":{"line":45,"column":35},"end":{"line":45,"column":45}},{"start":{"line":45,"column":49},"end":{"line":45,"column":52}}],"line":45}},"s":{"0":1,"1":1,"2":1,"3":1,"4":1,"5":1,"6":1,"7":0,"8":0,"9":0,"10":0,"11":0,"12":1,"13":0,"14":0,"15":0,"16":0,"17":1,"18":1,"19":1,"20":1,"21":1,"22":0,"23":0,"24":0,"25":1},"f":{"0":0,"1":0},"b":{"0":[0,1],"1":[0,0],"2":[0,0],"3":[0,0]},"_coverageSchema":"332fd63041d2c1bcb487cc26dd0d5f7d97098a6c","hash":"b9dc076b057f73e4cfcaf426c31bbfba89e0b569","contentHash":"bb21d3c8240a830b0cb3be335812637b_11.3.0"},"/usr/src/routes/v0/api_v0.js":{"path":"/usr/src/routes/v0/api_v0.js","statementMap":{"0":{"start":{"line":1,"column":14},"end":{"line":1,"column":32}},"1":{"start":{"line":2,"column":10},"end":{"line":2,"column":19}},"2":{"start":{"line":4,"column":18},"end":{"line":4,"column":43}},"3":{"start":{"line":5,"column":15},"end":{"line":5,"column":37}},"4":{"start":{"line":6,"column":18},"end":{"line":6,"column":43}},"5":{"start":{"line":7,"column":14},"end":{"line":7,"column":38}},"6":{"start":{"line":8,"column":15},"end":{"line":8,"column":37}},"7":{"start":{"line":9,"column":17},"end":{"line":9,"column":41}},"8":{"start":{"line":11,"column":0},"end":{"line":11,"column":37}},"9":{"start":{"line":12,"column":0},"end":{"line":12,"column":31}},"10":{"start":{"line":13,"column":0},"end":{"line":13,"column":37}},"11":{"start":{"line":14,"column":0},"end":{"line":14,"column":30}},"12":{"start":{"line":15,"column":0},"end":{"line":15,"column":31}},"13":{"start":{"line":16,"column":0},"end":{"line":16,"column":35}},"14":{"start":{"line":18,"column":0},"end":{"line":18,"column":20}}},"fnMap":{},"branchMap":{},"s":{"0":1,"1":1,"2":1,"3":1,"4":1,"5":1,"6":1,"7":1,"8":1,"9":1,"10":1,"11":1,"12":1,"13":1,"14":1},"f":{},"b":{},"_coverageSchema":"332fd63041d2c1bcb487cc26dd0d5f7d97098a6c","hash":"e7ccb3811d15a5e043cbe5ed16da638280ec3b8d","contentHash":"cba429fc1cb48fa46edb701e5f1d9147_11.3.0"},"/usr/src/routes/v0/api/usuarios.js":{"path":"/usr/src/routes/v0/api/usuarios.js","statementMap":{"0":{"start":{"line":1,"column":16},"end":{"line":1,"column":34}},"1":{"start":{"line":2,"column":15},"end":{"line":2,"column":51}},"2":{"start":{"line":3,"column":15},"end":{"line":3,"column":31}},"3":{"start":{"line":4,"column":23},"end":{"line":4,"column":52}},"4":{"start":{"line":5,"column":27},"end":{"line":5,"column":78}},"5":{"start":{"line":6,"column":26},"end":{"line":6,"column":75}},"6":{"start":{"line":8,"column":31},"end":{"line":8,"column":89}},"7":{"start":{"line":9,"column":32},"end":{"line":9,"column":91}},"8":{"start":{"line":10,"column":48},"end":{"line":10,"column":68}},"9":{"start":{"line":13,"column":0},"end":{"line":13,"column":79}},"10":{"start":{"line":16,"column":0},"end":{"line":16,"column":100}},"11":{"start":{"line":19,"column":0},"end":{"line":19,"column":148}},"12":{"start":{"line":23,"column":0},"end":{"line":23,"column":167}},"13":{"start":{"line":26,"column":0},"end":{"line":26,"column":172}},"14":{"start":{"line":29,"column":0},"end":{"line":29,"column":129}},"15":{"start":{"line":31,"column":0},"end":{"line":31,"column":23}}},"fnMap":{},"branchMap":{},"s":{"0":1,"1":1,"2":1,"3":1,"4":1,"5":1,"6":1,"7":1,"8":1,"9":1,"10":1,"11":1,"12":1,"13":1,"14":1,"15":1},"f":{},"b":{},"_coverageSchema":"332fd63041d2c1bcb487cc26dd0d5f7d97098a6c","hash":"381378d54b236d7bf9978f99b0300dbff4c62faf","contentHash":"996a28e453957c6ff911c6da22e35244_11.3.0"},"/usr/src/routes/v0/auth/middleware.js":{"path":"/usr/src/routes/v0/auth/middleware.js","statementMap":{"0":{"start":{"line":1,"column":10},"end":{"line":1,"column":31}},"1":{"start":{"line":2,"column":13},"end":{"line":2,"column":30}},"2":{"start":{"line":3,"column":10},"end":{"line":3,"column":47}},"3":{"start":{"line":4,"column":18},"end":{"line":4,"column":49}},"4":{"start":{"line":6,"column":34},"end":{"line":30,"column":1}},"5":{"start":{"line":7,"column":2},"end":{"line":29,"column":3}},"6":{"start":{"line":8,"column":4},"end":{"line":28,"column":5}},"7":{"start":{"line":9,"column":6},"end":{"line":25,"column":7}},"8":{"start":{"line":10,"column":22},"end":{"line":10,"column":85}},"9":{"start":{"line":11,"column":8},"end":{"line":13,"column":9}},"10":{"start":{"line":12,"column":10},"end":{"line":12,"column":45}},"11":{"start":{"line":14,"column":8},"end":{"line":16,"column":9}},"12":{"start":{"line":15,"column":10},"end":{"line":15,"column":50}},"13":{"start":{"line":17,"column":8},"end":{"line":17,"column":39}},"14":{"start":{"line":18,"column":8},"end":{"line":18,"column":39}},"15":{"start":{"line":19,"column":8},"end":{"line":19,"column":37}},"16":{"start":{"line":20,"column":8},"end":{"line":20,"column":61}},"17":{"start":{"line":21,"column":8},"end":{"line":21,"column":49}},"18":{"start":{"line":22,"column":8},"end":{"line":22,"column":14}},"19":{"start":{"line":24,"column":8},"end":{"line":24,"column":50}},"20":{"start":{"line":27,"column":6},"end":{"line":27,"column":48}},"21":{"start":{"line":33,"column":0},"end":{"line":33,"column":65}}},"fnMap":{"0":{"name":"(anonymous_0)","decl":{"start":{"line":6,"column":34},"end":{"line":6,"column":35}},"loc":{"start":{"line":6,"column":61},"end":{"line":30,"column":1}},"line":6},"1":{"name":"(anonymous_1)","decl":{"start":{"line":7,"column":9},"end":{"line":7,"column":10}},"loc":{"start":{"line":7,"column":35},"end":{"line":29,"column":3}},"line":7}},"branchMap":{"0":{"loc":{"start":{"line":3,"column":10},"end":{"line":3,"column":47}},"type":"binary-expr","locations":[{"start":{"line":3,"column":10},"end":{"line":3,"column":30}},{"start":{"line":3,"column":34},"end":{"line":3,"column":47}}],"line":3},"1":{"loc":{"start":{"line":8,"column":4},"end":{"line":28,"column":5}},"type":"if","locations":[{"start":{"line":8,"column":4},"end":{"line":28,"column":5}},{"start":{"line":8,"column":4},"end":{"line":28,"column":5}}],"line":8},"2":{"loc":{"start":{"line":8,"column":8},"end":{"line":8,"column":48}},"type":"binary-expr","locations":[{"start":{"line":8,"column":8},"end":{"line":8,"column":19}},{"start":{"line":8,"column":23},"end":{"line":8,"column":48}}],"line":8},"3":{"loc":{"start":{"line":11,"column":8},"end":{"line":13,"column":9}},"type":"if","locations":[{"start":{"line":11,"column":8},"end":{"line":13,"column":9}},{"start":{"line":11,"column":8},"end":{"line":13,"column":9}}],"line":11},"4":{"loc":{"start":{"line":14,"column":8},"end":{"line":16,"column":9}},"type":"if","locations":[{"start":{"line":14,"column":8},"end":{"line":16,"column":9}},{"start":{"line":14,"column":8},"end":{"line":16,"column":9}}],"line":14},"5":{"loc":{"start":{"line":14,"column":12},"end":{"line":14,"column":88}},"type":"binary-expr","locations":[{"start":{"line":14,"column":12},"end":{"line":14,"column":41}},{"start":{"line":14,"column":45},"end":{"line":14,"column":88}}],"line":14}},"s":{"0":1,"1":1,"2":1,"3":1,"4":1,"5":10,"6":6,"7":5,"8":5,"9":4,"10":0,"11":4,"12":1,"13":3,"14":3,"15":3,"16":3,"17":3,"18":3,"19":2,"20":1,"21":1},"f":{"0":10,"1":6},"b":{"0":[1,0],"1":[5,1],"2":[6,6],"3":[0,4],"4":[1,3],"5":[4,3]},"_coverageSchema":"332fd63041d2c1bcb487cc26dd0d5f7d97098a6c","hash":"b5a5deb591f95c330afe84c8c96b8633441bab15","contentHash":"e236ff8a15fac8e156588b6211106348_11.3.0"},"/usr/src/util/errors.js":{"path":"/usr/src/util/errors.js","statementMap":{"0":{"start":{"line":3,"column":31},"end":{"line":7,"column":1}},"1":{"start":{"line":4,"column":12},"end":{"line":4,"column":46}},"2":{"start":{"line":5,"column":2},"end":{"line":5,"column":18}},"3":{"start":{"line":6,"column":2},"end":{"line":6,"column":12}},"4":{"start":{"line":9,"column":24},"end":{"line":13,"column":1}},"5":{"start":{"line":10,"column":12},"end":{"line":10,"column":40}},"6":{"start":{"line":11,"column":2},"end":{"line":11,"column":18}},"7":{"start":{"line":12,"column":2},"end":{"line":12,"column":12}},"8":{"start":{"line":15,"column":24},"end":{"line":20,"column":1}},"9":{"start":{"line":16,"column":12},"end":{"line":16,"column":14}},"10":{"start":{"line":17,"column":2},"end":{"line":17,"column":15}},"11":{"start":{"line":18,"column":2},"end":{"line":18,"column":18}},"12":{"start":{"line":19,"column":2},"end":{"line":19,"column":12}},"13":{"start":{"line":22,"column":32},"end":{"line":27,"column":1}},"14":{"start":{"line":23,"column":12},"end":{"line":23,"column":14}},"15":{"start":{"line":24,"column":2},"end":{"line":24,"column":15}},"16":{"start":{"line":25,"column":2},"end":{"line":25,"column":18}},"17":{"start":{"line":26,"column":2},"end":{"line":26,"column":12}},"18":{"start":{"line":29,"column":37},"end":{"line":34,"column":1}},"19":{"start":{"line":30,"column":12},"end":{"line":30,"column":14}},"20":{"start":{"line":31,"column":2},"end":{"line":31,"column":15}},"21":{"start":{"line":32,"column":2},"end":{"line":32,"column":18}},"22":{"start":{"line":33,"column":2},"end":{"line":33,"column":12}},"23":{"start":{"line":36,"column":39},"end":{"line":41,"column":1}},"24":{"start":{"line":37,"column":12},"end":{"line":37,"column":14}},"25":{"start":{"line":38,"column":2},"end":{"line":38,"column":36}},"26":{"start":{"line":39,"column":2},"end":{"line":39,"column":18}},"27":{"start":{"line":40,"column":2},"end":{"line":40,"column":12}},"28":{"start":{"line":43,"column":32},"end":{"line":48,"column":1}},"29":{"start":{"line":44,"column":12},"end":{"line":44,"column":14}},"30":{"start":{"line":45,"column":2},"end":{"line":45,"column":41}},"31":{"start":{"line":46,"column":2},"end":{"line":46,"column":18}},"32":{"start":{"line":47,"column":2},"end":{"line":47,"column":12}},"33":{"start":{"line":50,"column":34},"end":{"line":55,"column":1}},"34":{"start":{"line":51,"column":12},"end":{"line":51,"column":14}},"35":{"start":{"line":52,"column":2},"end":{"line":52,"column":15}},"36":{"start":{"line":53,"column":2},"end":{"line":53,"column":18}},"37":{"start":{"line":54,"column":2},"end":{"line":54,"column":12}},"38":{"start":{"line":57,"column":34},"end":{"line":71,"column":1}},"39":{"start":{"line":58,"column":12},"end":{"line":58,"column":14}},"40":{"start":{"line":59,"column":18},"end":{"line":59,"column":20}},"41":{"start":{"line":60,"column":2},"end":{"line":66,"column":4}},"42":{"start":{"line":61,"column":4},"end":{"line":65,"column":5}},"43":{"start":{"line":62,"column":6},"end":{"line":62,"column":26}},"44":{"start":{"line":64,"column":6},"end":{"line":64,"column":33}},"45":{"start":{"line":67,"column":12},"end":{"line":67,"column":59}},"46":{"start":{"line":68,"column":2},"end":{"line":68,"column":15}},"47":{"start":{"line":69,"column":2},"end":{"line":69,"column":18}},"48":{"start":{"line":70,"column":2},"end":{"line":70,"column":12}},"49":{"start":{"line":73,"column":0},"end":{"line":73,"column":55}},"50":{"start":{"line":74,"column":0},"end":{"line":74,"column":41}},"51":{"start":{"line":75,"column":0},"end":{"line":75,"column":41}},"52":{"start":{"line":76,"column":0},"end":{"line":76,"column":57}},"53":{"start":{"line":77,"column":0},"end":{"line":77,"column":67}},"54":{"start":{"line":78,"column":0},"end":{"line":78,"column":57}},"55":{"start":{"line":79,"column":0},"end":{"line":79,"column":61}},"56":{"start":{"line":80,"column":0},"end":{"line":80,"column":61}},"57":{"start":{"line":81,"column":0},"end":{"line":81,"column":71}}},"fnMap":{"0":{"name":"(anonymous_0)","decl":{"start":{"line":3,"column":31},"end":{"line":3,"column":32}},"loc":{"start":{"line":3,"column":36},"end":{"line":7,"column":1}},"line":3},"1":{"name":"(anonymous_1)","decl":{"start":{"line":9,"column":24},"end":{"line":9,"column":25}},"loc":{"start":{"line":9,"column":29},"end":{"line":13,"column":1}},"line":9},"2":{"name":"(anonymous_2)","decl":{"start":{"line":15,"column":24},"end":{"line":15,"column":25}},"loc":{"start":{"line":15,"column":32},"end":{"line":20,"column":1}},"line":15},"3":{"name":"(anonymous_3)","decl":{"start":{"line":22,"column":32},"end":{"line":22,"column":33}},"loc":{"start":{"line":22,"column":40},"end":{"line":27,"column":1}},"line":22},"4":{"name":"(anonymous_4)","decl":{"start":{"line":29,"column":37},"end":{"line":29,"column":38}},"loc":{"start":{"line":29,"column":45},"end":{"line":34,"column":1}},"line":29},"5":{"name":"(anonymous_5)","decl":{"start":{"line":36,"column":39},"end":{"line":36,"column":40}},"loc":{"start":{"line":36,"column":44},"end":{"line":41,"column":1}},"line":36},"6":{"name":"(anonymous_6)","decl":{"start":{"line":43,"column":32},"end":{"line":43,"column":33}},"loc":{"start":{"line":43,"column":56},"end":{"line":48,"column":1}},"line":43},"7":{"name":"(anonymous_7)","decl":{"start":{"line":50,"column":34},"end":{"line":50,"column":35}},"loc":{"start":{"line":50,"column":42},"end":{"line":55,"column":1}},"line":50},"8":{"name":"(anonymous_8)","decl":{"start":{"line":57,"column":34},"end":{"line":57,"column":35}},"loc":{"start":{"line":57,"column":45},"end":{"line":71,"column":1}},"line":57},"9":{"name":"(anonymous_9)","decl":{"start":{"line":60,"column":17},"end":{"line":60,"column":18}},"loc":{"start":{"line":60,"column":28},"end":{"line":66,"column":3}},"line":60}},"branchMap":{"0":{"loc":{"start":{"line":61,"column":4},"end":{"line":65,"column":5}},"type":"if","locations":[{"start":{"line":61,"column":4},"end":{"line":65,"column":5}},{"start":{"line":61,"column":4},"end":{"line":65,"column":5}}],"line":61}},"s":{"0":1,"1":4,"2":4,"3":4,"4":1,"5":0,"6":0,"7":0,"8":1,"9":5,"10":5,"11":5,"12":5,"13":1,"14":13,"15":13,"16":13,"17":13,"18":1,"19":4,"20":4,"21":4,"22":4,"23":1,"24":0,"25":0,"26":0,"27":0,"28":1,"29":4,"30":4,"31":4,"32":4,"33":1,"34":0,"35":0,"36":0,"37":0,"38":1,"39":0,"40":0,"41":0,"42":0,"43":0,"44":0,"45":0,"46":0,"47":0,"48":0,"49":1,"50":1,"51":1,"52":1,"53":1,"54":1,"55":1,"56":1,"57":1},"f":{"0":4,"1":0,"2":5,"3":13,"4":4,"5":0,"6":4,"7":0,"8":0,"9":0},"b":{"0":[0,0]},"_coverageSchema":"332fd63041d2c1bcb487cc26dd0d5f7d97098a6c","hash":"6bdce982299dc0d73ca97c30b6726612e3d8ac21","contentHash":"65d4c970b5ea39db826293cdb160a361_11.3.0"},"/usr/src/routes/v0/validations/usuarioValidation.js":{"path":"/usr/src/routes/v0/validations/usuarioValidation.js","statementMap":{"0":{"start":{"line":2,"column":16},"end":{"line":2,"column":50}},"1":{"start":{"line":4,"column":29},"end":{"line":6,"column":1}},"2":{"start":{"line":5,"column":2},"end":{"line":5,"column":28}},"3":{"start":{"line":8,"column":29},"end":{"line":10,"column":1}},"4":{"start":{"line":9,"column":2},"end":{"line":9,"column":28}},"5":{"start":{"line":12,"column":27},"end":{"line":14,"column":1}},"6":{"start":{"line":13,"column":2},"end":{"line":13,"column":26}},"7":{"start":{"line":16,"column":24},"end":{"line":18,"column":1}},"8":{"start":{"line":17,"column":2},"end":{"line":17,"column":23}},"9":{"start":{"line":20,"column":28},"end":{"line":22,"column":1}},"10":{"start":{"line":21,"column":2},"end":{"line":21,"column":39}},"11":{"start":{"line":24,"column":30},"end":{"line":26,"column":1}},"12":{"start":{"line":25,"column":2},"end":{"line":25,"column":42}},"13":{"start":{"line":28,"column":0},"end":{"line":89,"column":1}},"14":{"start":{"line":29,"column":2},"end":{"line":88,"column":3}}},"fnMap":{"0":{"name":"(anonymous_0)","decl":{"start":{"line":4,"column":29},"end":{"line":4,"column":30}},"loc":{"start":{"line":4,"column":35},"end":{"line":6,"column":1}},"line":4},"1":{"name":"(anonymous_1)","decl":{"start":{"line":8,"column":29},"end":{"line":8,"column":30}},"loc":{"start":{"line":8,"column":35},"end":{"line":10,"column":1}},"line":8},"2":{"name":"(anonymous_2)","decl":{"start":{"line":12,"column":27},"end":{"line":12,"column":28}},"loc":{"start":{"line":12,"column":33},"end":{"line":14,"column":1}},"line":12},"3":{"name":"(anonymous_3)","decl":{"start":{"line":16,"column":24},"end":{"line":16,"column":25}},"loc":{"start":{"line":16,"column":30},"end":{"line":18,"column":1}},"line":16},"4":{"name":"(anonymous_4)","decl":{"start":{"line":20,"column":28},"end":{"line":20,"column":29}},"loc":{"start":{"line":20,"column":34},"end":{"line":22,"column":1}},"line":20},"5":{"name":"(anonymous_5)","decl":{"start":{"line":24,"column":30},"end":{"line":24,"column":31}},"loc":{"start":{"line":24,"column":36},"end":{"line":26,"column":1}},"line":24},"6":{"name":"(anonymous_6)","decl":{"start":{"line":28,"column":17},"end":{"line":28,"column":18}},"loc":{"start":{"line":28,"column":29},"end":{"line":89,"column":1}},"line":28}},"branchMap":{},"s":{"0":1,"1":1,"2":3,"3":1,"4":3,"5":1,"6":2,"7":1,"8":2,"9":1,"10":3,"11":1,"12":5,"13":1,"14":1},"f":{"0":3,"1":3,"2":2,"3":2,"4":3,"5":5,"6":1},"b":{},"_coverageSchema":"332fd63041d2c1bcb487cc26dd0d5f7d97098a6c","hash":"22ed8019b3a2b23c506e06902386dd21614df2eb","contentHash":"80c6a8304ed9db88090f589cf3aa4604_11.3.0"},"/usr/src/controllers/usuarioController.js":{"path":"/usr/src/controllers/usuarioController.js","statementMap":{"0":{"start":{"line":1,"column":15},"end":{"line":1,"column":45}},"1":{"start":{"line":2,"column":23},"end":{"line":2,"column":68}},"2":{"start":{"line":3,"column":18},"end":{"line":3,"column":46}},"3":{"start":{"line":6,"column":13},"end":{"line":10,"column":1}},"4":{"start":{"line":7,"column":17},"end":{"line":7,"column":71}},"5":{"start":{"line":8,"column":2},"end":{"line":8,"column":37}},"6":{"start":{"line":9,"column":2},"end":{"line":9,"column":68}},"7":{"start":{"line":12,"column":15},"end":{"line":16,"column":1}},"8":{"start":{"line":13,"column":16},"end":{"line":13,"column":68}},"9":{"start":{"line":14,"column":2},"end":{"line":14,"column":37}},"10":{"start":{"line":15,"column":2},"end":{"line":15,"column":67}},"11":{"start":{"line":18,"column":15},"end":{"line":23,"column":1}},"12":{"start":{"line":19,"column":13},"end":{"line":19,"column":21}},"13":{"start":{"line":20,"column":16},"end":{"line":20,"column":165}},"14":{"start":{"line":21,"column":2},"end":{"line":21,"column":42}},"15":{"start":{"line":22,"column":2},"end":{"line":22,"column":67}},"16":{"start":{"line":25,"column":15},"end":{"line":30,"column":1}},"17":{"start":{"line":26,"column":13},"end":{"line":26,"column":21}},"18":{"start":{"line":27,"column":16},"end":{"line":27,"column":72}},"19":{"start":{"line":28,"column":2},"end":{"line":28,"column":37}},"20":{"start":{"line":29,"column":2},"end":{"line":29,"column":67}},"21":{"start":{"line":32,"column":15},"end":{"line":36,"column":1}},"22":{"start":{"line":33,"column":16},"end":{"line":33,"column":87}},"23":{"start":{"line":34,"column":2},"end":{"line":34,"column":42}},"24":{"start":{"line":35,"column":2},"end":{"line":35,"column":67}},"25":{"start":{"line":38,"column":18},"end":{"line":42,"column":1}},"26":{"start":{"line":39,"column":16},"end":{"line":39,"column":92}},"27":{"start":{"line":40,"column":2},"end":{"line":40,"column":37}},"28":{"start":{"line":41,"column":2},"end":{"line":41,"column":67}},"29":{"start":{"line":44,"column":0},"end":{"line":53,"column":1}}},"fnMap":{"0":{"name":"(anonymous_0)","decl":{"start":{"line":6,"column":13},"end":{"line":6,"column":14}},"loc":{"start":{"line":6,"column":39},"end":{"line":10,"column":1}},"line":6},"1":{"name":"(anonymous_1)","decl":{"start":{"line":12,"column":15},"end":{"line":12,"column":16}},"loc":{"start":{"line":12,"column":41},"end":{"line":16,"column":1}},"line":12},"2":{"name":"(anonymous_2)","decl":{"start":{"line":18,"column":15},"end":{"line":18,"column":16}},"loc":{"start":{"line":18,"column":41},"end":{"line":23,"column":1}},"line":18},"3":{"name":"(anonymous_3)","decl":{"start":{"line":25,"column":15},"end":{"line":25,"column":16}},"loc":{"start":{"line":25,"column":41},"end":{"line":30,"column":1}},"line":25},"4":{"name":"(anonymous_4)","decl":{"start":{"line":32,"column":15},"end":{"line":32,"column":16}},"loc":{"start":{"line":32,"column":41},"end":{"line":36,"column":1}},"line":32},"5":{"name":"(anonymous_5)","decl":{"start":{"line":38,"column":18},"end":{"line":38,"column":19}},"loc":{"start":{"line":38,"column":44},"end":{"line":42,"column":1}},"line":38}},"branchMap":{},"s":{"0":1,"1":1,"2":1,"3":1,"4":0,"5":0,"6":0,"7":1,"8":0,"9":0,"10":0,"11":1,"12":0,"13":0,"14":0,"15":0,"16":1,"17":0,"18":0,"19":0,"20":0,"21":1,"22":0,"23":0,"24":0,"25":1,"26":0,"27":0,"28":0,"29":1},"f":{"0":0,"1":0,"2":0,"3":0,"4":0,"5":0},"b":{},"_coverageSchema":"332fd63041d2c1bcb487cc26dd0d5f7d97098a6c","hash":"8ce991475149eb5f5cd7f49971f117ac5c036c0c","contentHash":"01890cb37ffd02f0506d9f003d2e5e8e_11.3.0"},"/usr/src/services/usuarioService.js":{"path":"/usr/src/services/usuarioService.js","statementMap":{"0":{"start":{"line":3,"column":20},"end":{"line":3,"column":45}},"1":{"start":{"line":4,"column":11},"end":{"line":4,"column":34}},"2":{"start":{"line":6,"column":32},"end":{"line":17,"column":1}},"3":{"start":{"line":7,"column":20},"end":{"line":7,"column":22}},"4":{"start":{"line":8,"column":2},"end":{"line":11,"column":5}},"5":{"start":{"line":9,"column":4},"end":{"line":11,"column":5}},"6":{"start":{"line":12,"column":2},"end":{"line":15,"column":5}},"7":{"start":{"line":13,"column":4},"end":{"line":15,"column":5}},"8":{"start":{"line":16,"column":2},"end":{"line":16,"column":20}},"9":{"start":{"line":19,"column":22},"end":{"line":26,"column":1}},"10":{"start":{"line":20,"column":15},"end":{"line":20,"column":17}},"11":{"start":{"line":21,"column":2},"end":{"line":24,"column":3}},"12":{"start":{"line":22,"column":4},"end":{"line":23,"column":130}},"13":{"start":{"line":23,"column":6},"end":{"line":23,"column":130}},"14":{"start":{"line":25,"column":2},"end":{"line":25,"column":15}},"15":{"start":{"line":28,"column":28},"end":{"line":33,"column":1}},"16":{"start":{"line":29,"column":27},"end":{"line":31,"column":37}},"17":{"start":{"line":31,"column":20},"end":{"line":31,"column":36}},"18":{"start":{"line":32,"column":2},"end":{"line":32,"column":27}},"19":{"start":{"line":35,"column":27},"end":{"line":59,"column":1}},"20":{"start":{"line":36,"column":20},"end":{"line":36,"column":45}},"21":{"start":{"line":37,"column":20},"end":{"line":37,"column":22}},"22":{"start":{"line":38,"column":2},"end":{"line":57,"column":3}},"23":{"start":{"line":39,"column":16},"end":{"line":41,"column":17}},"24":{"start":{"line":42,"column":4},"end":{"line":56,"column":6}},"25":{"start":{"line":43,"column":22},"end":{"line":43,"column":24}},"26":{"start":{"line":44,"column":22},"end":{"line":44,"column":39}},"27":{"start":{"line":45,"column":18},"end":{"line":47,"column":15}},"28":{"start":{"line":48,"column":18},"end":{"line":50,"column":15}},"29":{"start":{"line":51,"column":6},"end":{"line":55,"column":7}},"30":{"start":{"line":52,"column":8},"end":{"line":52,"column":29}},"31":{"start":{"line":53,"column":8},"end":{"line":53,"column":29}},"32":{"start":{"line":54,"column":8},"end":{"line":54,"column":35}},"33":{"start":{"line":58,"column":2},"end":{"line":58,"column":20}},"34":{"start":{"line":61,"column":0},"end":{"line":250,"column":1}},"35":{"start":{"line":62,"column":2},"end":{"line":249,"column":3}},"36":{"start":{"line":64,"column":20},"end":{"line":89,"column":8}},"37":{"start":{"line":65,"column":8},"end":{"line":88,"column":12}},"38":{"start":{"line":84,"column":12},"end":{"line":84,"column":29}},"39":{"start":{"line":87,"column":12},"end":{"line":87,"column":50}},"40":{"start":{"line":90,"column":6},"end":{"line":90,"column":20}},"41":{"start":{"line":93,"column":20},"end":{"line":117,"column":8}},"42":{"start":{"line":94,"column":8},"end":{"line":116,"column":12}},"43":{"start":{"line":111,"column":12},"end":{"line":115,"column":13}},"44":{"start":{"line":112,"column":14},"end":{"line":112,"column":30}},"45":{"start":{"line":114,"column":14},"end":{"line":114,"column":93}},"46":{"start":{"line":118,"column":6},"end":{"line":118,"column":20}},"47":{"start":{"line":121,"column":20},"end":{"line":141,"column":8}},"48":{"start":{"line":122,"column":8},"end":{"line":123,"column":125}},"49":{"start":{"line":123,"column":10},"end":{"line":123,"column":125}},"50":{"start":{"line":124,"column":8},"end":{"line":125,"column":129}},"51":{"start":{"line":125,"column":10},"end":{"line":125,"column":129}},"52":{"start":{"line":126,"column":8},"end":{"line":140,"column":12}},"53":{"start":{"line":136,"column":12},"end":{"line":136,"column":28}},"54":{"start":{"line":139,"column":12},"end":{"line":139,"column":64}},"55":{"start":{"line":142,"column":6},"end":{"line":142,"column":20}},"56":{"start":{"line":145,"column":20},"end":{"line":169,"column":8}},"57":{"start":{"line":146,"column":8},"end":{"line":168,"column":12}},"58":{"start":{"line":150,"column":12},"end":{"line":167,"column":13}},"59":{"start":{"line":151,"column":27},"end":{"line":151,"column":48}},"60":{"start":{"line":152,"column":27},"end":{"line":152,"column":54}},"61":{"start":{"line":153,"column":14},"end":{"line":164,"column":15}},"62":{"start":{"line":154,"column":16},"end":{"line":161,"column":20}},"63":{"start":{"line":157,"column":20},"end":{"line":157,"column":36}},"64":{"start":{"line":160,"column":20},"end":{"line":160,"column":82}},"65":{"start":{"line":163,"column":16},"end":{"line":163,"column":59}},"66":{"start":{"line":166,"column":14},"end":{"line":166,"column":93}},"67":{"start":{"line":170,"column":6},"end":{"line":170,"column":20}},"68":{"start":{"line":173,"column":20},"end":{"line":214,"column":8}},"69":{"start":{"line":174,"column":8},"end":{"line":213,"column":12}},"70":{"start":{"line":191,"column":12},"end":{"line":212,"column":13}},"71":{"start":{"line":192,"column":14},"end":{"line":209,"column":18}},"72":{"start":{"line":196,"column":18},"end":{"line":208,"column":19}},"73":{"start":{"line":197,"column":20},"end":{"line":205,"column":24}},"74":{"start":{"line":200,"column":24},"end":{"line":204,"column":25}},"75":{"start":{"line":201,"column":26},"end":{"line":201,"column":42}},"76":{"start":{"line":203,"column":26},"end":{"line":203,"column":124}},"77":{"start":{"line":207,"column":20},"end":{"line":207,"column":95}},"78":{"start":{"line":211,"column":14},"end":{"line":211,"column":93}},"79":{"start":{"line":215,"column":6},"end":{"line":215,"column":20}},"80":{"start":{"line":218,"column":20},"end":{"line":246,"column":8}},"81":{"start":{"line":219,"column":8},"end":{"line":245,"column":12}},"82":{"start":{"line":223,"column":12},"end":{"line":244,"column":13}},"83":{"start":{"line":224,"column":14},"end":{"line":241,"column":18}},"84":{"start":{"line":228,"column":18},"end":{"line":240,"column":19}},"85":{"start":{"line":229,"column":20},"end":{"line":237,"column":24}},"86":{"start":{"line":232,"column":24},"end":{"line":236,"column":25}},"87":{"start":{"line":233,"column":26},"end":{"line":233,"column":42}},"88":{"start":{"line":235,"column":26},"end":{"line":235,"column":124}},"89":{"start":{"line":239,"column":20},"end":{"line":239,"column":95}},"90":{"start":{"line":243,"column":14},"end":{"line":243,"column":93}},"91":{"start":{"line":247,"column":6},"end":{"line":247,"column":20}}},"fnMap":{"0":{"name":"(anonymous_0)","decl":{"start":{"line":6,"column":32},"end":{"line":6,"column":33}},"loc":{"start":{"line":6,"column":49},"end":{"line":17,"column":1}},"line":6},"1":{"name":"(anonymous_1)","decl":{"start":{"line":19,"column":22},"end":{"line":19,"column":23}},"loc":{"start":{"line":19,"column":34},"end":{"line":26,"column":1}},"line":19},"2":{"name":"(anonymous_2)","decl":{"start":{"line":28,"column":28},"end":{"line":28,"column":29}},"loc":{"start":{"line":28,"column":40},"end":{"line":33,"column":1}},"line":28},"3":{"name":"(anonymous_3)","decl":{"start":{"line":31,"column":12},"end":{"line":31,"column":13}},"loc":{"start":{"line":31,"column":20},"end":{"line":31,"column":36}},"line":31},"4":{"name":"(anonymous_4)","decl":{"start":{"line":35,"column":27},"end":{"line":35,"column":28}},"loc":{"start":{"line":35,"column":44},"end":{"line":59,"column":1}},"line":35},"5":{"name":"(anonymous_5)","decl":{"start":{"line":42,"column":18},"end":{"line":42,"column":19}},"loc":{"start":{"line":42,"column":35},"end":{"line":56,"column":5}},"line":42},"6":{"name":"(anonymous_6)","decl":{"start":{"line":61,"column":17},"end":{"line":61,"column":18}},"loc":{"start":{"line":61,"column":29},"end":{"line":250,"column":1}},"line":61},"7":{"name":"(anonymous_7)","decl":{"start":{"line":63,"column":28},"end":{"line":63,"column":29}},"loc":{"start":{"line":63,"column":45},"end":{"line":91,"column":5}},"line":63},"8":{"name":"(anonymous_8)","decl":{"start":{"line":64,"column":32},"end":{"line":64,"column":33}},"loc":{"start":{"line":64,"column":53},"end":{"line":89,"column":7}},"line":64},"9":{"name":"(anonymous_9)","decl":{"start":{"line":83,"column":16},"end":{"line":83,"column":17}},"loc":{"start":{"line":83,"column":30},"end":{"line":85,"column":11}},"line":83},"10":{"name":"(anonymous_10)","decl":{"start":{"line":86,"column":17},"end":{"line":86,"column":18}},"loc":{"start":{"line":86,"column":24},"end":{"line":88,"column":11}},"line":86},"11":{"name":"(anonymous_11)","decl":{"start":{"line":92,"column":14},"end":{"line":92,"column":15}},"loc":{"start":{"line":92,"column":22},"end":{"line":119,"column":5}},"line":92},"12":{"name":"(anonymous_12)","decl":{"start":{"line":93,"column":32},"end":{"line":93,"column":33}},"loc":{"start":{"line":93,"column":53},"end":{"line":117,"column":7}},"line":93},"13":{"name":"(anonymous_13)","decl":{"start":{"line":110,"column":16},"end":{"line":110,"column":17}},"loc":{"start":{"line":110,"column":29},"end":{"line":116,"column":11}},"line":110},"14":{"name":"(anonymous_14)","decl":{"start":{"line":120,"column":12},"end":{"line":120,"column":13}},"loc":{"start":{"line":120,"column":103},"end":{"line":143,"column":5}},"line":120},"15":{"name":"(anonymous_15)","decl":{"start":{"line":121,"column":32},"end":{"line":121,"column":33}},"loc":{"start":{"line":121,"column":53},"end":{"line":141,"column":7}},"line":121},"16":{"name":"(anonymous_16)","decl":{"start":{"line":135,"column":16},"end":{"line":135,"column":17}},"loc":{"start":{"line":135,"column":29},"end":{"line":137,"column":11}},"line":135},"17":{"name":"(anonymous_17)","decl":{"start":{"line":138,"column":17},"end":{"line":138,"column":18}},"loc":{"start":{"line":138,"column":24},"end":{"line":140,"column":11}},"line":138},"18":{"name":"(anonymous_18)","decl":{"start":{"line":144,"column":12},"end":{"line":144,"column":13}},"loc":{"start":{"line":144,"column":36},"end":{"line":171,"column":5}},"line":144},"19":{"name":"(anonymous_19)","decl":{"start":{"line":145,"column":32},"end":{"line":145,"column":33}},"loc":{"start":{"line":145,"column":53},"end":{"line":169,"column":7}},"line":145},"20":{"name":"(anonymous_20)","decl":{"start":{"line":149,"column":16},"end":{"line":149,"column":17}},"loc":{"start":{"line":149,"column":29},"end":{"line":168,"column":11}},"line":149},"21":{"name":"(anonymous_21)","decl":{"start":{"line":156,"column":24},"end":{"line":156,"column":25}},"loc":{"start":{"line":156,"column":37},"end":{"line":158,"column":19}},"line":156},"22":{"name":"(anonymous_22)","decl":{"start":{"line":159,"column":25},"end":{"line":159,"column":26}},"loc":{"start":{"line":159,"column":32},"end":{"line":161,"column":19}},"line":159},"23":{"name":"(anonymous_23)","decl":{"start":{"line":172,"column":16},"end":{"line":172,"column":17}},"loc":{"start":{"line":172,"column":38},"end":{"line":216,"column":5}},"line":172},"24":{"name":"(anonymous_24)","decl":{"start":{"line":173,"column":32},"end":{"line":173,"column":33}},"loc":{"start":{"line":173,"column":53},"end":{"line":214,"column":7}},"line":173},"25":{"name":"(anonymous_25)","decl":{"start":{"line":190,"column":16},"end":{"line":190,"column":17}},"loc":{"start":{"line":190,"column":29},"end":{"line":213,"column":11}},"line":190},"26":{"name":"(anonymous_26)","decl":{"start":{"line":195,"column":22},"end":{"line":195,"column":23}},"loc":{"start":{"line":195,"column":31},"end":{"line":209,"column":17}},"line":195},"27":{"name":"(anonymous_27)","decl":{"start":{"line":199,"column":28},"end":{"line":199,"column":29}},"loc":{"start":{"line":199,"column":44},"end":{"line":205,"column":23}},"line":199},"28":{"name":"(anonymous_28)","decl":{"start":{"line":217,"column":19},"end":{"line":217,"column":20}},"loc":{"start":{"line":217,"column":41},"end":{"line":248,"column":5}},"line":217},"29":{"name":"(anonymous_29)","decl":{"start":{"line":218,"column":32},"end":{"line":218,"column":33}},"loc":{"start":{"line":218,"column":53},"end":{"line":246,"column":7}},"line":218},"30":{"name":"(anonymous_30)","decl":{"start":{"line":222,"column":16},"end":{"line":222,"column":17}},"loc":{"start":{"line":222,"column":29},"end":{"line":245,"column":11}},"line":222},"31":{"name":"(anonymous_31)","decl":{"start":{"line":227,"column":22},"end":{"line":227,"column":23}},"loc":{"start":{"line":227,"column":31},"end":{"line":241,"column":17}},"line":227},"32":{"name":"(anonymous_32)","decl":{"start":{"line":231,"column":28},"end":{"line":231,"column":29}},"loc":{"start":{"line":231,"column":44},"end":{"line":237,"column":23}},"line":231}},"branchMap":{"0":{"loc":{"start":{"line":8,"column":2},"end":{"line":11,"column":5}},"type":"if","locations":[{"start":{"line":8,"column":2},"end":{"line":11,"column":5}},{"start":{"line":8,"column":2},"end":{"line":11,"column":5}}],"line":8},"1":{"loc":{"start":{"line":12,"column":2},"end":{"line":15,"column":5}},"type":"if","locations":[{"start":{"line":12,"column":2},"end":{"line":15,"column":5}},{"start":{"line":12,"column":2},"end":{"line":15,"column":5}}],"line":12},"2":{"loc":{"start":{"line":21,"column":2},"end":{"line":24,"column":3}},"type":"if","locations":[{"start":{"line":21,"column":2},"end":{"line":24,"column":3}},{"start":{"line":21,"column":2},"end":{"line":24,"column":3}}],"line":21},"3":{"loc":{"start":{"line":22,"column":4},"end":{"line":23,"column":130}},"type":"if","locations":[{"start":{"line":22,"column":4},"end":{"line":23,"column":130}},{"start":{"line":22,"column":4},"end":{"line":23,"column":130}}],"line":22},"4":{"loc":{"start":{"line":38,"column":2},"end":{"line":57,"column":3}},"type":"if","locations":[{"start":{"line":38,"column":2},"end":{"line":57,"column":3}},{"start":{"line":38,"column":2},"end":{"line":57,"column":3}}],"line":38},"5":{"loc":{"start":{"line":45,"column":18},"end":{"line":47,"column":15}},"type":"cond-expr","locations":[{"start":{"line":46,"column":10},"end":{"line":46,"column":16}},{"start":{"line":47,"column":10},"end":{"line":47,"column":15}}],"line":45},"6":{"loc":{"start":{"line":48,"column":18},"end":{"line":50,"column":15}},"type":"cond-expr","locations":[{"start":{"line":49,"column":10},"end":{"line":49,"column":24}},{"start":{"line":50,"column":10},"end":{"line":50,"column":15}}],"line":48},"7":{"loc":{"start":{"line":51,"column":6},"end":{"line":55,"column":7}},"type":"if","locations":[{"start":{"line":51,"column":6},"end":{"line":55,"column":7}},{"start":{"line":51,"column":6},"end":{"line":55,"column":7}}],"line":51},"8":{"loc":{"start":{"line":111,"column":12},"end":{"line":115,"column":13}},"type":"if","locations":[{"start":{"line":111,"column":12},"end":{"line":115,"column":13}},{"start":{"line":111,"column":12},"end":{"line":115,"column":13}}],"line":111},"9":{"loc":{"start":{"line":122,"column":8},"end":{"line":123,"column":125}},"type":"if","locations":[{"start":{"line":122,"column":8},"end":{"line":123,"column":125}},{"start":{"line":122,"column":8},"end":{"line":123,"column":125}}],"line":122},"10":{"loc":{"start":{"line":124,"column":8},"end":{"line":125,"column":129}},"type":"if","locations":[{"start":{"line":124,"column":8},"end":{"line":125,"column":129}},{"start":{"line":124,"column":8},"end":{"line":125,"column":129}}],"line":124},"11":{"loc":{"start":{"line":150,"column":12},"end":{"line":167,"column":13}},"type":"if","locations":[{"start":{"line":150,"column":12},"end":{"line":167,"column":13}},{"start":{"line":150,"column":12},"end":{"line":167,"column":13}}],"line":150},"12":{"loc":{"start":{"line":153,"column":14},"end":{"line":164,"column":15}},"type":"if","locations":[{"start":{"line":153,"column":14},"end":{"line":164,"column":15}},{"start":{"line":153,"column":14},"end":{"line":164,"column":15}}],"line":153},"13":{"loc":{"start":{"line":191,"column":12},"end":{"line":212,"column":13}},"type":"if","locations":[{"start":{"line":191,"column":12},"end":{"line":212,"column":13}},{"start":{"line":191,"column":12},"end":{"line":212,"column":13}}],"line":191},"14":{"loc":{"start":{"line":196,"column":18},"end":{"line":208,"column":19}},"type":"if","locations":[{"start":{"line":196,"column":18},"end":{"line":208,"column":19}},{"start":{"line":196,"column":18},"end":{"line":208,"column":19}}],"line":196},"15":{"loc":{"start":{"line":200,"column":24},"end":{"line":204,"column":25}},"type":"if","locations":[{"start":{"line":200,"column":24},"end":{"line":204,"column":25}},{"start":{"line":200,"column":24},"end":{"line":204,"column":25}}],"line":200},"16":{"loc":{"start":{"line":223,"column":12},"end":{"line":244,"column":13}},"type":"if","locations":[{"start":{"line":223,"column":12},"end":{"line":244,"column":13}},{"start":{"line":223,"column":12},"end":{"line":244,"column":13}}],"line":223},"17":{"loc":{"start":{"line":228,"column":18},"end":{"line":240,"column":19}},"type":"if","locations":[{"start":{"line":228,"column":18},"end":{"line":240,"column":19}},{"start":{"line":228,"column":18},"end":{"line":240,"column":19}}],"line":228},"18":{"loc":{"start":{"line":232,"column":24},"end":{"line":236,"column":25}},"type":"if","locations":[{"start":{"line":232,"column":24},"end":{"line":236,"column":25}},{"start":{"line":232,"column":24},"end":{"line":236,"column":25}}],"line":232}},"s":{"0":1,"1":1,"2":1,"3":0,"4":0,"5":0,"6":0,"7":0,"8":0,"9":1,"10":5,"11":5,"12":3,"13":2,"14":5,"15":1,"16":5,"17":11,"18":5,"19":1,"20":0,"21":0,"22":0,"23":0,"24":0,"25":0,"26":0,"27":0,"28":0,"29":0,"30":0,"31":0,"32":0,"33":0,"34":1,"35":3,"36":0,"37":0,"38":0,"39":0,"40":0,"41":2,"42":2,"43":2,"44":1,"45":1,"46":2,"47":6,"48":6,"49":1,"50":5,"51":1,"52":4,"53":3,"54":1,"55":6,"56":6,"57":6,"58":6,"59":5,"60":5,"61":5,"62":3,"63":3,"64":0,"65":2,"66":1,"67":6,"68":4,"69":4,"70":4,"71":3,"72":3,"73":2,"74":2,"75":1,"76":1,"77":1,"78":1,"79":4,"80":4,"81":4,"82":4,"83":3,"84":3,"85":2,"86":2,"87":1,"88":1,"89":1,"90":1,"91":4},"f":{"0":0,"1":5,"2":5,"3":11,"4":0,"5":0,"6":3,"7":0,"8":0,"9":0,"10":0,"11":2,"12":2,"13":2,"14":6,"15":6,"16":3,"17":1,"18":6,"19":6,"20":6,"21":3,"22":0,"23":4,"24":4,"25":4,"26":3,"27":2,"28":4,"29":4,"30":4,"31":3,"32":2},"b":{"0":[0,0],"1":[0,0],"2":[3,2],"3":[2,1],"4":[0,0],"5":[0,0],"6":[0,0],"7":[0,0],"8":[1,1],"9":[1,5],"10":[1,4],"11":[5,1],"12":[3,2],"13":[3,1],"14":[2,1],"15":[1,1],"16":[3,1],"17":[2,1],"18":[1,1]},"_coverageSchema":"332fd63041d2c1bcb487cc26dd0d5f7d97098a6c","hash":"ef2507f463b7146efed1bb8c7feef8e017f322c8","contentHash":"af1ceeb66e027231238bf2a0cd9762a0_11.3.0"},"/usr/src/util/responser.js":{"path":"/usr/src/util/responser.js","statementMap":{"0":{"start":{"line":3,"column":23},"end":{"line":8,"column":1}},"1":{"start":{"line":4,"column":15},"end":{"line":6,"column":23}},"2":{"start":{"line":7,"column":2},"end":{"line":7,"column":38}},"3":{"start":{"line":9,"column":30},"end":{"line":11,"column":1}},"4":{"start":{"line":10,"column":2},"end":{"line":10,"column":63}},"5":{"start":{"line":13,"column":42},"end":{"line":20,"column":1}},"6":{"start":{"line":14,"column":2},"end":{"line":14,"column":26}},"7":{"start":{"line":15,"column":17},"end":{"line":17,"column":38}},"8":{"start":{"line":18,"column":2},"end":{"line":18,"column":23}},"9":{"start":{"line":19,"column":2},"end":{"line":19,"column":17}},"10":{"start":{"line":22,"column":52},"end":{"line":29,"column":1}},"11":{"start":{"line":23,"column":2},"end":{"line":23,"column":26}},"12":{"start":{"line":24,"column":17},"end":{"line":26,"column":58}},"13":{"start":{"line":27,"column":2},"end":{"line":27,"column":23}},"14":{"start":{"line":28,"column":2},"end":{"line":28,"column":17}},"15":{"start":{"line":31,"column":44},"end":{"line":33,"column":1}},"16":{"start":{"line":32,"column":2},"end":{"line":32,"column":74}},"17":{"start":{"line":35,"column":15},"end":{"line":39,"column":1}},"18":{"start":{"line":41,"column":14},"end":{"line":98,"column":1}},"19":{"start":{"line":100,"column":0},"end":{"line":100,"column":21}},"20":{"start":{"line":101,"column":0},"end":{"line":101,"column":23}},"21":{"start":{"line":102,"column":0},"end":{"line":102,"column":39}},"22":{"start":{"line":103,"column":0},"end":{"line":103,"column":53}},"23":{"start":{"line":104,"column":0},"end":{"line":104,"column":81}},"24":{"start":{"line":105,"column":0},"end":{"line":105,"column":77}},"25":{"start":{"line":106,"column":0},"end":{"line":106,"column":97}}},"fnMap":{"0":{"name":"(anonymous_0)","decl":{"start":{"line":3,"column":23},"end":{"line":3,"column":24}},"loc":{"start":{"line":3,"column":47},"end":{"line":8,"column":1}},"line":3},"1":{"name":"(anonymous_1)","decl":{"start":{"line":9,"column":30},"end":{"line":9,"column":31}},"loc":{"start":{"line":9,"column":46},"end":{"line":11,"column":1}},"line":9},"2":{"name":"(anonymous_2)","decl":{"start":{"line":13,"column":42},"end":{"line":13,"column":43}},"loc":{"start":{"line":13,"column":73},"end":{"line":20,"column":1}},"line":13},"3":{"name":"(anonymous_3)","decl":{"start":{"line":22,"column":52},"end":{"line":22,"column":53}},"loc":{"start":{"line":22,"column":83},"end":{"line":29,"column":1}},"line":22},"4":{"name":"(anonymous_4)","decl":{"start":{"line":31,"column":44},"end":{"line":31,"column":45}},"loc":{"start":{"line":31,"column":71},"end":{"line":33,"column":1}},"line":31}},"branchMap":{"0":{"loc":{"start":{"line":4,"column":15},"end":{"line":6,"column":23}},"type":"cond-expr","locations":[{"start":{"line":5,"column":6},"end":{"line":5,"column":22}},{"start":{"line":6,"column":6},"end":{"line":6,"column":23}}],"line":4},"1":{"loc":{"start":{"line":14,"column":12},"end":{"line":14,"column":26}},"type":"binary-expr","locations":[{"start":{"line":14,"column":12},"end":{"line":14,"column":19}},{"start":{"line":14,"column":23},"end":{"line":14,"column":26}}],"line":14},"2":{"loc":{"start":{"line":23,"column":12},"end":{"line":23,"column":26}},"type":"binary-expr","locations":[{"start":{"line":23,"column":12},"end":{"line":23,"column":19}},{"start":{"line":23,"column":23},"end":{"line":23,"column":26}}],"line":23}},"s":{"0":1,"1":0,"2":0,"3":1,"4":0,"5":1,"6":0,"7":0,"8":0,"9":0,"10":1,"11":0,"12":0,"13":0,"14":0,"15":1,"16":0,"17":1,"18":1,"19":1,"20":1,"21":1,"22":1,"23":1,"24":1,"25":1},"f":{"0":0,"1":0,"2":0,"3":0,"4":0},"b":{"0":[0,0],"1":[0,0],"2":[0,0]},"_coverageSchema":"332fd63041d2c1bcb487cc26dd0d5f7d97098a6c","hash":"f424137590ac148babffb15cff40b43206c400b4","contentHash":"b62496e69ce0cd182bda1787baa4dde7_11.3.0"},"/usr/src/routes/v0/api/helpers.js":{"path":"/usr/src/routes/v0/api/helpers.js","statementMap":{"0":{"start":{"line":2,"column":27},"end":{"line":2,"column":61}},"1":{"start":{"line":3,"column":18},"end":{"line":3,"column":52}},"2":{"start":{"line":7,"column":0},"end":{"line":14,"column":1}},"3":{"start":{"line":7,"column":33},"end":{"line":14,"column":1}},"4":{"start":{"line":8,"column":2},"end":{"line":13,"column":3}},"5":{"start":{"line":9,"column":4},"end":{"line":9,"column":27}},"6":{"start":{"line":11,"column":4},"end":{"line":11,"column":29}},"7":{"start":{"line":12,"column":4},"end":{"line":12,"column":56}},"8":{"start":{"line":18,"column":0},"end":{"line":26,"column":1}},"9":{"start":{"line":19,"column":17},"end":{"line":19,"column":38}},"10":{"start":{"line":20,"column":2},"end":{"line":24,"column":3}},"11":{"start":{"line":21,"column":4},"end":{"line":23,"column":97}},"12":{"start":{"line":25,"column":2},"end":{"line":25,"column":8}}},"fnMap":{"0":{"name":"(anonymous_0)","decl":{"start":{"line":7,"column":20},"end":{"line":7,"column":21}},"loc":{"start":{"line":7,"column":33},"end":{"line":14,"column":1}},"line":7},"1":{"name":"(anonymous_1)","decl":{"start":{"line":7,"column":33},"end":{"line":7,"column":34}},"loc":{"start":{"line":7,"column":52},"end":{"line":14,"column":1}},"line":7},"2":{"name":"(anonymous_2)","decl":{"start":{"line":18,"column":37},"end":{"line":18,"column":38}},"loc":{"start":{"line":18,"column":57},"end":{"line":26,"column":1}},"line":18}},"branchMap":{"0":{"loc":{"start":{"line":20,"column":2},"end":{"line":24,"column":3}},"type":"if","locations":[{"start":{"line":20,"column":2},"end":{"line":24,"column":3}},{"start":{"line":20,"column":2},"end":{"line":24,"column":3}}],"line":20}},"s":{"0":1,"1":1,"2":1,"3":25,"4":0,"5":0,"6":0,"7":0,"8":1,"9":0,"10":0,"11":0,"12":0},"f":{"0":25,"1":0,"2":0},"b":{"0":[0,0]},"_coverageSchema":"332fd63041d2c1bcb487cc26dd0d5f7d97098a6c","hash":"1c0a7d7c961e46eb788a0a11afb14f5e824f42c8","contentHash":"845ef01360732d88af387cbc09adae85_11.3.0"},"/usr/src/routes/v0/api/roles.js":{"path":"/usr/src/routes/v0/api/roles.js","statementMap":{"0":{"start":{"line":1,"column":16},"end":{"line":1,"column":34}},"1":{"start":{"line":2,"column":15},"end":{"line":2,"column":51}},"2":{"start":{"line":4,"column":15},"end":{"line":4,"column":31}},"3":{"start":{"line":5,"column":23},"end":{"line":5,"column":52}},"4":{"start":{"line":6,"column":23},"end":{"line":6,"column":70}},"5":{"start":{"line":7,"column":22},"end":{"line":7,"column":67}},"6":{"start":{"line":9
[...]
2},"end":{"line":42,"column":4}},"26":{"start":{"line":35,"column":16},"end":{"line":37,"column":5}},"27":{"start":{"line":38,"column":4},"end":{"line":41,"column":6}},"28":{"start":{"line":39,"column":6},"end":{"line":39,"column":90}},"29":{"start":{"line":40,"column":6},"end":{"line":40,"column":12}},"30":{"start":{"line":43,"column":2},"end":{"line":59,"column":4}},"31":{"start":{"line":44,"column":22},"end":{"line":44,"column":42}},"32":{"start":{"line":45,"column":21},"end":{"line":45,"column":37}},"33":{"start":{"line":46,"column":16},"end":{"line":52,"column":5}},"34":{"start":{"line":53,"column":4},"end":{"line":58,"column":6}},"35":{"start":{"line":54,"column":6},"end":{"line":54,"column":79}},"36":{"start":{"line":55,"column":6},"end":{"line":55,"column":82}},"37":{"start":{"line":56,"column":6},"end":{"line":56,"column":92}},"38":{"start":{"line":57,"column":6},"end":{"line":57,"column":12}},"39":{"start":{"line":60,"column":2},"end":{"line":69,"column":4}},"40":{"start":{"line":61,"column":16},"end":{"line":64,"column":5}},"41":{"start":{"line":65,"column":4},"end":{"line":68,"column":6}},"42":{"start":{"line":66,"column":6},"end":{"line":66,"column":90}},"43":{"start":{"line":67,"column":6},"end":{"line":67,"column":12}},"44":{"start":{"line":70,"column":2},"end":{"line":78,"column":4}},"45":{"start":{"line":71,"column":16},"end":{"line":73,"column":5}},"46":{"start":{"line":74,"column":4},"end":{"line":77,"column":6}},"47":{"start":{"line":75,"column":6},"end":{"line":75,"column":90}},"48":{"start":{"line":76,"column":6},"end":{"line":76,"column":12}},"49":{"start":{"line":79,"column":2},"end":{"line":89,"column":4}},"50":{"start":{"line":80,"column":17},"end":{"line":80,"column":28}},"51":{"start":{"line":81,"column":16},"end":{"line":81,"column":31}},"52":{"start":{"line":82,"column":21},"end":{"line":82,"column":36}},"53":{"start":{"line":83,"column":14},"end":{"line":83,"column":28}},"54":{"start":{"line":84,"column":19},"end":{"line":84,"column":33}},"55":{"start":{"line":85,"column":4},"end":{"line":88,"column":6}},"56":{"start":{"line":86,"column":6},"end":{"line":86,"column":93}},"57":{"start":{"line":87,"column":6},"end":{"line":87,"column":12}},"58":{"start":{"line":90,"column":2},"end":{"line":100,"column":4}},"59":{"start":{"line":91,"column":17},"end":{"line":91,"column":28}},"60":{"start":{"line":92,"column":16},"end":{"line":92,"column":31}},"61":{"start":{"line":93,"column":21},"end":{"line":93,"column":45}},"62":{"start":{"line":94,"column":14},"end":{"line":94,"column":28}},"63":{"start":{"line":95,"column":19},"end":{"line":95,"column":33}},"64":{"start":{"line":96,"column":4},"end":{"line":99,"column":6}},"65":{"start":{"line":97,"column":6},"end":{"line":97,"column":93}},"66":{"start":{"line":98,"column":6},"end":{"line":98,"column":12}},"67":{"start":{"line":101,"column":2},"end":{"line":111,"column":4}},"68":{"start":{"line":102,"column":17},"end":{"line":102,"column":28}},"69":{"start":{"line":103,"column":16},"end":{"line":103,"column":31}},"70":{"start":{"line":104,"column":21},"end":{"line":104,"column":36}},"71":{"start":{"line":105,"column":14},"end":{"line":105,"column":28}},"72":{"start":{"line":106,"column":19},"end":{"line":106,"column":42}},"73":{"start":{"line":107,"column":4},"end":{"line":110,"column":6}},"74":{"start":{"line":108,"column":6},"end":{"line":108,"column":93}},"75":{"start":{"line":109,"column":6},"end":{"line":109,"column":12}},"76":{"start":{"line":112,"column":2},"end":{"line":117,"column":4}},"77":{"start":{"line":113,"column":4},"end":{"line":116,"column":6}},"78":{"start":{"line":114,"column":6},"end":{"line":114,"column":68}},"79":{"start":{"line":115,"column":6},"end":{"line":115,"column":12}},"80":{"start":{"line":119,"column":2},"end":{"line":132,"column":4}},"81":{"start":{"line":120,"column":4},"end":{"line":131,"column":6}},"82":{"start":{"line":124,"column":6},"end":{"line":124,"column":26}},"83":{"start":{"line":125,"column":6},"end":{"line":130,"column":8}},"84":{"start":{"line":126,"column":8},"end":{"line":129,"column":10}},"85":{"start":{"line":127,"column":10},"end":{"line":127,"column":68}},"86":{"start":{"line":128,"column":10},"end":{"line":128,"column":16}},"87":{"start":{"line":134,"column":2},"end":{"line":139,"column":4}},"88":{"start":{"line":135,"column":4},"end":{"line":138,"column":6}},"89":{"start":{"line":136,"column":6},"end":{"line":136,"column":60}},"90":{"start":{"line":137,"column":6},"end":{"line":137,"column":12}},"91":{"start":{"line":140,"column":2},"end":{"line":145,"column":4}},"92":{"start":{"line":141,"column":4},"end":{"line":144,"column":6}},"93":{"start":{"line":142,"column":6},"end":{"line":142,"column":72}},"94":{"start":{"line":143,"column":6},"end":{"line":143,"column":12}},"95":{"start":{"line":146,"column":2},"end":{"line":151,"column":4}},"96":{"start":{"line":147,"column":4},"end":{"line":150,"column":6}},"97":{"start":{"line":148,"column":6},"end":{"line":148,"column":68}},"98":{"start":{"line":149,"column":6},"end":{"line":149,"column":12}},"99":{"start":{"line":152,"column":2},"end":{"line":159,"column":4}},"100":{"start":{"line":153,"column":4},"end":{"line":158,"column":6}},"101":{"start":{"line":154,"column":6},"end":{"line":157,"column":8}},"102":{"start":{"line":155,"column":8},"end":{"line":155,"column":60}},"103":{"start":{"line":156,"column":8},"end":{"line":156,"column":14}},"104":{"start":{"line":161,"column":2},"end":{"line":166,"column":4}},"105":{"start":{"line":162,"column":4},"end":{"line":165,"column":6}},"106":{"start":{"line":163,"column":6},"end":{"line":163,"column":57}},"107":{"start":{"line":164,"column":6},"end":{"line":164,"column":12}},"108":{"start":{"line":168,"column":2},"end":{"line":173,"column":4}},"109":{"start":{"line":169,"column":4},"end":{"line":172,"column":6}},"110":{"start":{"line":170,"column":6},"end":{"line":170,"column":60}},"111":{"start":{"line":171,"column":6},"end":{"line":171,"column":12}},"112":{"start":{"line":174,"column":2},"end":{"line":179,"column":4}},"113":{"start":{"line":175,"column":4},"end":{"line":178,"column":6}},"114":{"start":{"line":176,"column":6},"end":{"line":176,"column":60}},"115":{"start":{"line":177,"column":6},"end":{"line":177,"column":12}},"116":{"start":{"line":180,"column":2},"end":{"line":196,"column":4}},"117":{"start":{"line":181,"column":17},"end":{"line":181,"column":29}},"118":{"start":{"line":182,"column":16},"end":{"line":182,"column":32}},"119":{"start":{"line":183,"column":21},"end":{"line":183,"column":37}},"120":{"start":{"line":184,"column":14},"end":{"line":184,"column":28}},"121":{"start":{"line":185,"column":19},"end":{"line":185,"column":33}},"122":{"start":{"line":186,"column":19},"end":{"line":186,"column":29}},"123":{"start":{"line":187,"column":18},"end":{"line":187,"column":30}},"124":{"start":{"line":188,"column":4},"end":{"line":195,"column":6}},"125":{"start":{"line":189,"column":6},"end":{"line":189,"column":57}},"126":{"start":{"line":190,"column":6},"end":{"line":190,"column":77}},"127":{"start":{"line":191,"column":6},"end":{"line":191,"column":74}},"128":{"start":{"line":192,"column":6},"end":{"line":192,"column":83}},"129":{"start":{"line":193,"column":6},"end":{"line":193,"column":80}},"130":{"start":{"line":194,"column":6},"end":{"line":194,"column":12}},"131":{"start":{"line":197,"column":2},"end":{"line":212,"column":4}},"132":{"start":{"line":198,"column":17},"end":{"line":198,"column":29}},"133":{"start":{"line":199,"column":16},"end":{"line":199,"column":32}},"134":{"start":{"line":200,"column":21},"end":{"line":200,"column":37}},"135":{"start":{"line":201,"column":14},"end":{"line":201,"column":28}},"136":{"start":{"line":202,"column":19},"end":{"line":202,"column":33}},"137":{"start":{"line":203,"column":19},"end":{"line":203,"column":29}},"138":{"start":{"line":204,"column":4},"end":{"line":211,"column":6}},"139":{"start":{"line":205,"column":6},"end":{"line":205,"column":57}},"140":{"start":{"line":206,"column":6},"end":{"line":206,"column":34}},"141":{"start":{"line":207,"column":6},"end":{"line":207,"column":77}},"142":{"start":{"line":208,"column":6},"end":{"line":208,"column":74}},"143":{"start":{"line":209,"column":6},"end":{"line":209,"column":83}},"144":{"start":{"line":210,"column":6},"end":{"line":210,"column":12}},"145":{"start":{"line":213,"column":2},"end":{"line":223,"column":4}},"146":{"start":{"line":214,"column":26},"end":{"line":214,"column":41}},"147":{"start":{"line":215,"column":16},"end":{"line":217,"column":5}},"148":{"start":{"line":218,"column":4},"end":{"line":222,"column":6}},"149":{"start":{"line":219,"column":6},"end":{"line":219,"column":79}},"150":{"start":{"line":220,"column":6},"end":{"line":220,"column":88}},"151":{"start":{"line":221,"column":6},"end":{"line":221,"column":12}},"152":{"start":{"line":224,"column":2},"end":{"line":237,"column":4}},"153":{"start":{"line":225,"column":25},"end":{"line":225,"column":40}},"154":{"start":{"line":226,"column":26},"end":{"line":226,"column":36}},"155":{"start":{"line":227,"column":16},"end":{"line":230,"column":5}},"156":{"start":{"line":231,"column":4},"end":{"line":236,"column":6}},"157":{"start":{"line":232,"column":6},"end":{"line":232,"column":79}},"158":{"start":{"line":233,"column":6},"end":{"line":233,"column":85}},"159":{"start":{"line":234,"column":6},"end":{"line":234,"column":88}},"160":{"start":{"line":235,"column":6},"end":{"line":235,"column":12}}},"fnMap":{"0":{"name":"(anonymous_0)","decl":{"start":{"line":13,"column":48},"end":{"line":13,"column":49}},"loc":{"start":{"line":13,"column":60},"end":{"line":238,"column":1}},"line":13},"1":{"name":"(anonymous_1)","decl":{"start":{"line":14,"column":41},"end":{"line":14,"column":42}},"loc":{"start":{"line":14,"column":57},"end":{"line":19,"column":3}},"line":14},"2":{"name":"(anonymous_2)","decl":{"start":{"line":15,"column":38},"end":{"line":15,"column":39}},"loc":{"start":{"line":15,"column":51},"end":{"line":18,"column":5}},"line":15},"3":{"name":"(anonymous_3)","decl":{"start":{"line":20,"column":27},"end":{"line":20,"column":28}},"loc":{"start":{"line":20,"column":43},"end":{"line":33,"column":3}},"line":20},"4":{"name":"(anonymous_4)","decl":{"start":{"line":26,"column":73},"end":{"line":26,"column":74}},"loc":{"start":{"line":26,"column":86},"end":{"line":32,"column":5}},"line":26},"5":{"name":"(anonymous_5)","decl":{"start":{"line":34,"column":38},"end":{"line":34,"column":39}},"loc":{"start":{"line":34,"column":54},"end":{"line":42,"column":3}},"line":34},"6":{"name":"(anonymous_6)","decl":{"start":{"line":38,"column":43},"end":{"line":38,"column":44}},"loc":{"start":{"line":38,"column":50},"end":{"line":41,"column":5}},"line":38},"7":{"name":"(anonymous_7)","decl":{"start":{"line":43,"column":35},"end":{"line":43,"column":36}},"loc":{"start":{"line":43,"column":51},"end":{"line":59,"column":3}},"line":43},"8":{"name":"(anonymous_8)","decl":{"start":{"line":53,"column":55},"end":{"line":53,"column":56}},"loc":{"start":{"line":53,"column":68},"end":{"line":58,"column":5}},"line":53},"9":{"name":"(anonymous_9)","decl":{"start":{"line":60,"column":41},"end":{"line":60,"column":42}},"loc":{"start":{"line":60,"column":57},"end":{"line":69,"column":3}},"line":60},"10":{"name":"(anonymous_10)","decl":{"start":{"line":65,"column":56},"end":{"line":65,"column":57}},"loc":{"start":{"line":65,"column":63},"end":{"line":68,"column":5}},"line":65},"11":{"name":"(anonymous_11)","decl":{"start":{"line":70,"column":41},"end":{"line":70,"column":42}},"loc":{"start":{"line":70,"column":57},"end":{"line":78,"column":3}},"line":70},"12":{"name":"(anonymous_12)","decl":{"start":{"line":74,"column":56},"end":{"line":74,"column":57}},"loc":{"start":{"line":74,"column":63},"end":{"line":77,"column":5}},"line":74},"13":{"name":"(anonymous_13)","decl":{"start":{"line":79,"column":42},"end":{"line":79,"column":43}},"loc":{"start":{"line":79,"column":58},"end":{"line":89,"column":3}},"line":79},"14":{"name":"(anonymous_14)","decl":{"start":{"line":85,"column":74},"end":{"line":85,"column":75}},"loc":{"start":{"line":85,"column":81},"end":{"line":88,"column":5}},"line":85},"15":{"name":"(anonymous_15)","decl":{"start":{"line":90,"column":45},"end":{"line":90,"column":46}},"loc":{"start":{"line":90,"column":61},"end":{"line":100,"column":3}},"line":90},"16":{"name":"(anonymous_16)","decl":{"start":{"line":96,"column":74},"end":{"line":96,"column":75}},"loc":{"start":{"line":96,"column":81},"end":{"line":99,"column":5}},"line":96},"17":{"name":"(anonymous_17)","decl":{"start":{"line":101,"column":48},"end":{"line":101,"column":49}},"loc":{"start":{"line":101,"column":64},"end":{"line":111,"column":3}},"line":101},"18":{"name":"(anonymous_18)","decl":{"start":{"line":107,"column":74},"end":{"line":107,"column":75}},"loc":{"start":{"line":107,"column":81},"end":{"line":110,"column":5}},"line":107},"19":{"name":"(anonymous_19)","decl":{"start":{"line":112,"column":41},"end":{"line":112,"column":42}},"loc":{"start":{"line":112,"column":57},"end":{"line":117,"column":3}},"line":112},"20":{"name":"(anonymous_20)","decl":{"start":{"line":113,"column":50},"end":{"line":113,"column":51}},"loc":{"start":{"line":113,"column":69},"end":{"line":116,"column":5}},"line":113},"21":{"name":"(anonymous_21)","decl":{"start":{"line":119,"column":46},"end":{"line":119,"column":47}},"loc":{"start":{"line":119,"column":62},"end":{"line":132,"column":3}},"line":119},"22":{"name":"(anonymous_22)","decl":{"start":{"line":123,"column":12},"end":{"line":123,"column":13}},"loc":{"start":{"line":123,"column":27},"end":{"line":131,"column":5}},"line":123},"23":{"name":"(anonymous_23)","decl":{"start":{"line":125,"column":67},"end":{"line":125,"column":68}},"loc":{"start":{"line":125,"column":80},"end":{"line":130,"column":7}},"line":125},"24":{"name":"(anonymous_24)","decl":{"start":{"line":126,"column":32},"end":{"line":126,"column":33}},"loc":{"start":{"line":126,"column":43},"end":{"line":129,"column":9}},"line":126},"25":{"name":"(anonymous_25)","decl":{"start":{"line":134,"column":52},"end":{"line":134,"column":53}},"loc":{"start":{"line":134,"column":68},"end":{"line":139,"column":3}},"line":134},"26":{"name":"(anonymous_26)","decl":{"start":{"line":135,"column":66},"end":{"line":135,"column":67}},"loc":{"start":{"line":135,"column":73},"end":{"line":138,"column":5}},"line":135},"27":{"name":"(anonymous_27)","decl":{"start":{"line":140,"column":50},"end":{"line":140,"column":51}},"loc":{"start":{"line":140,"column":66},"end":{"line":145,"column":3}},"line":140},"28":{"name":"(anonymous_28)","decl":{"start":{"line":141,"column":53},"end":{"line":141,"column":54}},"loc":{"start":{"line":141,"column":60},"end":{"line":144,"column":5}},"line":141},"29":{"name":"(anonymous_29)","decl":{"start":{"line":146,"column":61},"end":{"line":146,"column":62}},"loc":{"start":{"line":146,"column":77},"end":{"line":151,"column":3}},"line":146},"30":{"name":"(anonymous_30)","decl":{"start":{"line":147,"column":57},"end":{"line":147,"column":58}},"loc":{"start":{"line":147,"column":64},"end":{"line":150,"column":5}},"line":147},"31":{"name":"(anonymous_31)","decl":{"start":{"line":152,"column":51},"end":{"line":152,"column":52}},"loc":{"start":{"line":152,"column":67},"end":{"line":159,"column":3}},"line":152},"32":{"name":"(anonymous_32)","decl":{"start":{"line":153,"column":68},"end":{"line":153,"column":69}},"loc":{"start":{"line":153,"column":81},"end":{"line":158,"column":5}},"line":153},"33":{"name":"(anonymous_33)","decl":{"start":{"line":154,"column":30},"end":{"line":154,"column":31}},"loc":{"start":{"line":154,"column":41},"end":{"line":157,"column":7}},"line":154},"34":{"name":"(anonymous_34)","decl":{"start":{"line":161,"column":51},"end":{"line":161,"column":52}},"loc":{"start":{"line":161,"column":67},"end":{"line":166,"column":3}},"line":161},"35":{"name":"(anonymous_35)","decl":{"start":{"line":162,"column":69},"end":{"line":162,"column":70}},"loc":{"start":{"line":162,"column":76},"end":{"line":165,"column":5}},"line":162},"36":{"name":"(anonymous_36)","decl":{"start":{"line":168,"column":49},"end":{"line":168,"column":50}},"loc":{"start":{"line":168,"column":65},"end":{"line":173,"column":3}},"line":168},"37":{"name":"(anonymous_37)","decl":{"start":{"line":169,"column":56},"end":{"line":169,"column":57}},"loc":{"start":{"line":169,"column":63},"end":{"line":172,"column":5}},"line":169},"38":{"name":"(anonymous_38)","decl":{"start":{"line":174,"column":50},"end":{"line":174,"column":51}},"loc":{"start":{"line":174,"column":66},"end":{"line":179,"column":3}},"line":174},"39":{"name":"(anonymous_39)","decl":{"start":{"line":175,"column":60},"end":{"line":175,"column":61}},"loc":{"start":{"line":175,"column":67},"end":{"line":178,"column":5}},"line":175},"40":{"name":"(anonymous_40)","decl":{"start":{"line":180,"column":50},"end":{"line":180,"column":51}},"loc":{"start":{"line":180,"column":66},"end":{"line":196,"column":3}},"line":180},"41":{"name":"(anonymous_41)","decl":{"start":{"line":188,"column":90},"end":{"line":188,"column":91}},"loc":{"start":{"line":188,"column":103},"end":{"line":195,"column":5}},"line":188},"42":{"name":"(anonymous_42)","decl":{"start":{"line":197,"column":51},"end":{"line":197,"column":52}},"loc":{"start":{"line":197,"column":67},"end":{"line":212,"column":3}},"line":197},"43":{"name":"(anonymous_43)","decl":{"start":{"line":204,"column":82},"end":{"line":204,"column":83}},"loc":{"start":{"line":204,"column":95},"end":{"line":211,"column":5}},"line":204},"44":{"name":"(anonymous_44)","decl":{"start":{"line":213,"column":38},"end":{"line":213,"column":39}},"loc":{"start":{"line":213,"column":54},"end":{"line":223,"column":3}},"line":213},"45":{"name":"(anonymous_45)","decl":{"start":{"line":218,"column":55},"end":{"line":218,"column":56}},"loc":{"start":{"line":218,"column":68},"end":{"line":222,"column":5}},"line":218},"46":{"name":"(anonymous_46)","decl":{"start":{"line":224,"column":44},"end":{"line":224,"column":45}},"loc":{"start":{"line":224,"column":60},"end":{"line":237,"column":3}},"line":224},"47":{"name":"(anonymous_47)","decl":{"start":{"line":231,"column":55},"end":{"line":231,"column":56}},"loc":{"start":{"line":231,"column":68},"end":{"line":236,"column":5}},"line":231}},"branchMap":{},"s":{"0":1,"1":1,"2":1,"3":1,"4":1,"5":1,"6":1,"7":1,"8":1,"9":1,"10":1,"11":1,"12":1,"13":1,"14":1,"15":1,"16":1,"17":1,"18":1,"19":1,"20":1,"21":1,"22":1,"23":1,"24":1,"25":1,"26":1,"27":1,"28":1,"29":1,"30":1,"31":1,"32":1,"33":1,"34":1,"35":1,"36":1,"37":1,"38":1,"39":1,"40":1,"41":1,"42":1,"43":1,"44":1,"45":1,"46":1,"47":1,"48":1,"49":1,"50":1,"51":1,"52":1,"53":1,"54":1,"55":1,"56":1,"57":1,"58":1,"59":1,"60":1,"61":1,"62":1,"63":1,"64":1,"65":1,"66":1,"67":1,"68":1,"69":1,"70":1,"71":1,"72":1,"73":1,"74":1,"75":1,"76":1,"77":1,"78":1,"79":1,"80":1,"81":1,"82":1,"83":1,"84":1,"85":1,"86":1,"87":1,"88":1,"89":1,"90":1,"91":1,"92":1,"93":1,"94":1,"95":1,"96":1,"97":1,"98":1,"99":1,"100":1,"101":1,"102":1,"103":1,"104":1,"105":1,"106":1,"107":1,"108":1,"109":1,"110":1,"111":1,"112":1,"113":1,"114":1,"115":1,"116":1,"117":1,"118":1,"119":1,"120":1,"121":1,"122":1,"123":1,"124":1,"125":1,"126":1,"127":1,"128":1,"129":1,"130":1,"131":1,"132":1,"133":1,"134":1,"135":1,"136":1,"137":1,"138":1,"139":1,"140":1,"141":1,"142":1,"143":1,"144":1,"145":1,"146":1,"147":1,"148":1,"149":1,"150":1,"151":1,"152":1,"153":1,"154":1,"155":1,"156":1,"157":1,"158":1,"159":1,"160":1},"f":{"0":1,"1":1,"2":1,"3":1,"4":1,"5":1,"6":1,"7":1,"8":1,"9":1,"10":1,"11":1,"12":1,"13":1,"14":1,"15":1,"16":1,"17":1,"18":1,"19":1,"20":1,"21":1,"22":1,"23":1,"24":1,"25":1,"26":1,"27":1,"28":1,"29":1,"30":1,"31":1,"32":1,"33":1,"34":1,"35":1,"36":1,"37":1,"38":1,"39":1,"40":1,"41":1,"42":1,"43":1,"44":1,"45":1,"46":1,"47":1},"b":{},"_coverageSchema":"332fd63041d2c1bcb487cc26dd0d5f7d97098a6c","hash":"c26ad6cab8c69e3746a6c5e2c948712887deb8fb","contentHash":"32362f22500f5548b47ffd6b56edac60_11.3.0"}}